<?xml version="1.0" encoding="UTF-8"?>
  <testsuite tests="125" failures="3" time="4079.575138127">
      <testcase name="[k8s.io] Opaque resources [Feature:OpaqueResources] should not break pods that do not consume opaque integer resources." classname="Kubernetes e2e suite" time="0">
          <skipped></skipped>
      </testcase>
      <testcase name="[k8s.io] Federated types [Feature:Federation][Experimental]  Federated &#34;configmap&#34; resources should be created, read, updated and deleted successfully" classname="Kubernetes e2e suite" time="0">
          <skipped></skipped>
      </testcase>
      <testcase name="[k8s.io] CronJob should remove from active list jobs that have been deleted" classname="Kubernetes e2e suite" time="0">
          <skipped></skipped>
      </testcase>
      <testcase name="[k8s.io] Density [Feature:ManualPerformance] should allow starting 3 pods per node using { ReplicationController} with 0 secrets, 0 configmaps and 0 daemons" classname="Kubernetes e2e suite" time="0">
          <skipped></skipped>
      </testcase>
      <testcase name="[k8s.io] Dynamic Provisioning [k8s.io] DynamicProvisioner Default should be disabled by changing the default annotation[Slow] [Serial] [Disruptive] [Volume]" classname="Kubernetes e2e suite" time="0">
          <skipped></skipped>
      </testcase>
      <testcase name="[k8s.io] Downward API volume should provide container&#39;s memory request [Conformance] [Volume]" classname="Kubernetes e2e suite" time="13.099844365"></testcase>
      <testcase name="[k8s.io] Job should delete a job" classname="Kubernetes e2e suite" time="0">
          <skipped></skipped>
      </testcase>
      <testcase name="[k8s.io] NoExecuteTaintManager [Serial] doesn&#39;t evict pod with tolerations from tainted nodes" classname="Kubernetes e2e suite" time="0">
          <skipped></skipped>
      </testcase>
      <testcase name="[k8s.io] DisruptionController evictions: no PDB =&gt; should allow an eviction" classname="Kubernetes e2e suite" time="0">
          <skipped></skipped>
      </testcase>
      <testcase name="[k8s.io] Deployment test Deployment ReplicaSet orphaning and adoption regarding controllerRef" classname="Kubernetes e2e suite" time="0">
          <skipped></skipped>
      </testcase>
      <testcase name="[k8s.io] EmptyDir volumes should support (non-root,0666,default) [Conformance] [Volume]" classname="Kubernetes e2e suite" time="13.147911541"></testcase>
      <testcase name="[k8s.io] SchedulerPredicates [Serial] validates that required NodeAffinity setting is respected if matching" classname="Kubernetes e2e suite" time="0">
          <skipped></skipped>
      </testcase>
      <testcase name="[k8s.io] Projected should be consumable from pods in volume as non-root with FSGroup [Feature:FSGroup] [Volume]" classname="Kubernetes e2e suite" time="0">
          <skipped></skipped>
      </testcase>
      <testcase name="[k8s.io] MetricsGrabber should grab all metrics from a Kubelet." classname="Kubernetes e2e suite" time="0">
          <skipped></skipped>
      </testcase>
      <testcase name="ThirdParty resources [Flaky] [Disruptive] Simple Third Party creating/deleting thirdparty objects works [Conformance]" classname="Kubernetes e2e suite" time="0">
          <skipped></skipped>
      </testcase>
      <testcase name="[k8s.io] ConfigMap should be consumable from pods in volume as non-root with defaultMode and fsGroup set [Feature:FSGroup] [Volume]" classname="Kubernetes e2e suite" time="0">
          <skipped></skipped>
      </testcase>
      <testcase name="[k8s.io] Kubectl client [k8s.io] Update Demo should do a rolling update of a replication controller [Conformance]" classname="Kubernetes e2e suite" time="0">
          <skipped></skipped>
      </testcase>
      <testcase name="[k8s.io] Addon update should propagate add-on file changes [Slow]" classname="Kubernetes e2e suite" time="0">
          <skipped></skipped>
      </testcase>
      <testcase name="[k8s.io] Reboot [Disruptive] [Feature:Reboot] each node by ordering clean reboot and ensure they function upon restart" classname="Kubernetes e2e suite" time="0">
          <skipped></skipped>
      </testcase>
      <testcase name="[k8s.io] InitContainer should not start app containers and fail the pod if init containers fail on a RestartNever pod" classname="Kubernetes e2e suite" time="0">
          <skipped></skipped>
      </testcase>
      <testcase name="[k8s.io] ReplicationController should surface a failure condition on a common issue like exceeded quota" classname="Kubernetes e2e suite" time="0">
          <skipped></skipped>
      </testcase>
      <testcase name="[k8s.io] ResourceQuota should create a ResourceQuota and capture the life of a configMap." classname="Kubernetes e2e suite" time="0">
          <skipped></skipped>
      </testcase>
      <testcase name="[k8s.io] Downward API should provide default limits.cpu/memory from node allocatable [Conformance]" classname="Kubernetes e2e suite" time="13.091955104"></testcase>
      <testcase name="[k8s.io] ReplicaSet should release no longer matching pods" classname="Kubernetes e2e suite" time="0">
          <skipped></skipped>
      </testcase>
      <testcase name="[k8s.io] EmptyDir volumes when FSGroup is specified [Feature:FSGroup] files with FSGroup ownership should support (root,0644,tmpfs) [Volume]" classname="Kubernetes e2e suite" time="0">
          <skipped></skipped>
      </testcase>
      <testcase name="[k8s.io] PersistentVolumes:vsphere should test that a vspehre volume mounted to a pod that is deleted while the kubelet is down unmounts when the kubelet returns [Disruptive]" classname="Kubernetes e2e suite" time="0">
          <skipped></skipped>
      </testcase>
      <testcase name="[k8s.io] Projected should provide container&#39;s memory request [Conformance] [Volume]" classname="Kubernetes e2e suite" time="22.788187543"></testcase>
      <testcase name="[k8s.io] Pods should be submitted and removed [Conformance]" classname="Kubernetes e2e suite" time="45.403569574"></testcase>
      <testcase name="[k8s.io] Kubectl client [k8s.io] Update Demo should scale a replication controller [Conformance]" classname="Kubernetes e2e suite" time="0">
          <skipped></skipped>
      </testcase>
      <testcase name="[k8s.io] Secrets should be consumable from pods in volume with mappings and Item Mode set [Conformance] [Volume]" classname="Kubernetes e2e suite" time="13.269120864"></testcase>
      <testcase name="[k8s.io] Docker Containers should be able to override the image&#39;s default commmand (docker entrypoint) [Conformance]" classname="Kubernetes e2e suite" time="12.760595458"></testcase>
      <testcase name="[k8s.io] ConfigMap updates should be reflected in volume [Conformance] [Volume]" classname="Kubernetes e2e suite" time="152.90385747"></testcase>
      <testcase name="[k8s.io] StatefulSet [k8s.io] Basic StatefulSet functionality [StatefulSetBasic] Burst scaling should run to completion even with unhealthy pods" classname="Kubernetes e2e suite" time="0">
          <skipped></skipped>
      </testcase>
      <testcase name="[k8s.io] Kubectl client [k8s.io] Guestbook application should create and stop a working application [Conformance]" classname="Kubernetes e2e suite" time="0">
          <skipped></skipped>
      </testcase>
      <testcase name="[k8s.io] SchedulerPredicates [Serial] validates that InterPodAntiAffinity is respected if matching 2" classname="Kubernetes e2e suite" time="0">
          <skipped></skipped>
      </testcase>
      <testcase name="[k8s.io] [Feature:Example] [k8s.io] Spark should start spark master, driver and workers" classname="Kubernetes e2e suite" time="0">
          <skipped></skipped>
      </testcase>
      <testcase name="[k8s.io] Pods should get a host IP [Conformance]" classname="Kubernetes e2e suite" time="56.886916762"></testcase>
      <testcase name="[k8s.io] Stackdriver Monitoring should have cluster metrics [Feature:StackdriverMonitoring]" classname="Kubernetes e2e suite" time="0">
          <skipped></skipped>
      </testcase>
      <testcase name="[k8s.io] Projected should be consumable from pods in volume as non-root [Conformance] [Volume]" classname="Kubernetes e2e suite" time="12.816382733"></testcase>
      <testcase name="[k8s.io] Deployment deployment should support rollback" classname="Kubernetes e2e suite" time="0">
          <skipped></skipped>
      </testcase>
      <testcase name="[k8s.io] Reboot [Disruptive] [Feature:Reboot] each node by triggering kernel panic and ensure they function upon restart" classname="Kubernetes e2e suite" time="0">
          <skipped></skipped>
      </testcase>
      <testcase name="[k8s.io] Port forwarding [k8s.io] With a server listening on localhost [k8s.io] that expects a client request should support a client that connects, sends DATA, and disconnects" classname="Kubernetes e2e suite" time="0">
          <skipped></skipped>
      </testcase>
      <testcase name="[k8s.io] Volumes [Volume] [k8s.io] PD should be mountable [Flaky]" classname="Kubernetes e2e suite" time="0">
          <skipped></skipped>
      </testcase>
      <testcase name="[k8s.io] Volume Placement [Volume] should create and delete pod with multiple volumes from different datastore" classname="Kubernetes e2e suite" time="0">
          <skipped></skipped>
      </testcase>
      <testcase name="[k8s.io] ConfigMap should be consumable in multiple volumes in the same pod [Conformance] [Volume]" classname="Kubernetes e2e suite" time="12.718333561"></testcase>
      <testcase name="[k8s.io] vSphere Storage policy support for dynamic provisioning [Volume] verify if a non-existing SPBM policy is not honored for dynamically provisioned pvc using storageclass" classname="Kubernetes e2e suite" time="0">
          <skipped></skipped>
      </testcase>
      <testcase name="[k8s.io] Federation events [Feature:Federation] Event objects [NoCluster] should be created and deleted successfully" classname="Kubernetes e2e suite" time="0">
          <skipped></skipped>
      </testcase>
      <testcase name="[k8s.io] Kubernetes Dashboard should check that the kubernetes-dashboard instance is alive" classname="Kubernetes e2e suite" time="0">
          <skipped></skipped>
      </testcase>
      <testcase name="[k8s.io] vSphere Storage policy support for dynamic provisioning [Volume] verify VSAN storage capability with invalid capability name objectSpaceReserve is not honored for dynamically provisioned pvc using storageclass" classname="Kubernetes e2e suite" time="0">
          <skipped></skipped>
      </testcase>
      <testcase name="[k8s.io] ReplicaSet should serve a basic image on each replica with a private image" classname="Kubernetes e2e suite" time="0">
          <skipped></skipped>
      </testcase>
      <testcase name="[k8s.io] Kubectl client [k8s.io] Kubectl apply should apply a new configuration to an existing RC" classname="Kubernetes e2e suite" time="0">
          <skipped></skipped>
      </testcase>
      <testcase name="[k8s.io] StatefulSet [k8s.io] Deploy clustered applications [Feature:StatefulSet] [Slow] should creating a working zookeeper cluster" classname="Kubernetes e2e suite" time="0">
          <skipped></skipped>
      </testcase>
      <testcase name="[k8s.io] PersistentVolumes:vsphere should test that deleting the Namespace of a PVC and Pod causes the successful detach of vsphere volume" classname="Kubernetes e2e suite" time="0">
          <skipped></skipped>
      </testcase>
      <testcase name="[k8s.io] Upgrade [Feature:Upgrade] [k8s.io] FCP upgrade followed by federated clusters upgrade should maintain a functioning federation [Feature:FCPUpgradeFollowedByFederatedClustersUpgrade]" classname="Kubernetes e2e suite" time="0">
          <skipped></skipped>
      </testcase>
      <testcase name="[k8s.io] Nodes [Disruptive] [k8s.io] Resize [Slow] should be able to delete nodes" classname="Kubernetes e2e suite" time="0">
          <skipped></skipped>
      </testcase>
      <testcase name="[k8s.io] SchedulerPredicates [Serial] validates that NodeSelector is respected if not matching [Conformance]" classname="Kubernetes e2e suite" time="69.323499768">
          <failure type="Failure">/go/src/k8s.io/kubernetes/_output/dockerized/go/src/k8s.io/kubernetes/test/e2e/scheduling/predicates.go:109&#xA;Expected error:&#xA;    &lt;*errors.errorString | 0xc420c46d90&gt;: {&#xA;        s: &#34;Namespace e2e-tests-containers-cqwcb is active&#34;,&#xA;    }&#xA;    Namespace e2e-tests-containers-cqwcb is active&#xA;not to have occurred&#xA;/go/src/k8s.io/kubernetes/_output/dockerized/go/src/k8s.io/kubernetes/test/e2e/scheduling/predicates.go:84</failure>
          <system-out>[BeforeEach] [k8s.io] SchedulerPredicates [Serial]&#xA;  /go/src/k8s.io/kubernetes/_output/dockerized/go/src/k8s.io/kubernetes/test/e2e/framework/framework.go:130&#xA;STEP: Creating a kubernetes client&#xA;Oct 25 08:22:56.478: INFO: &gt;&gt;&gt; kubeConfig: &#xA;STEP: Building a namespace api object&#xA;STEP: Waiting for a default service account to be provisioned in namespace&#xA;[BeforeEach] [k8s.io] SchedulerPredicates [Serial]&#xA;  /go/src/k8s.io/kubernetes/_output/dockerized/go/src/k8s.io/kubernetes/test/e2e/scheduling/predicates.go:109&#xA;Oct 25 08:22:56.564: INFO: Waiting up to 1m0s for all nodes to be ready&#xA;Oct 25 08:23:56.583: INFO: Waiting for terminating namespaces to be deleted...&#xA;Oct 25 08:23:56.595: INFO: Unexpected error occurred: Namespace e2e-tests-containers-cqwcb is active&#xA;[AfterEach] [k8s.io] SchedulerPredicates [Serial]&#xA;  /go/src/k8s.io/kubernetes/_output/dockerized/go/src/k8s.io/kubernetes/test/e2e/framework/framework.go:131&#xA;STEP: Collecting events from namespace &#34;e2e-tests-sched-pred-jhjb9&#34;.&#xA;STEP: Found 0 events.&#xA;Oct 25 08:23:56.665: INFO: POD                                                     NODE               PHASE      GRACE  CONDITIONS&#xA;Oct 25 08:23:56.666: INFO: inception-deployment-564d9d4549-mzgpl                   k8s-kubeadm-node1  Running           [{Initialized True 0001-01-01 00:00:00 +0000 UTC 2017-10-24 07:53:18 +0000 UTC  } {Ready True 0001-01-01 00:00:00 +0000 UTC 2017-10-24 07:53:31 +0000 UTC  } {PodScheduled True 0001-01-01 00:00:00 +0000 UTC 2017-10-24 07:53:18 +0000 UTC  }]&#xA;Oct 25 08:23:56.666: INFO: inception-deployment-564d9d4549-r4x4p                   k8s-kubeadm-node1  Running           [{Initialized True 0001-01-01 00:00:00 +0000 UTC 2017-10-24 07:53:18 +0000 UTC  } {Ready True 0001-01-01 00:00:00 +0000 UTC 2017-10-24 07:53:28 +0000 UTC  } {PodScheduled True 0001-01-01 00:00:00 +0000 UTC 2017-10-24 07:53:18 +0000 UTC  }]&#xA;Oct 25 08:23:56.666: INFO: inception-deployment-564d9d4549-wcpvz                   k8s-kubeadm-node1  Running           [{Initialized True 0001-01-01 00:00:00 +0000 UTC 2017-10-24 07:53:18 +0000 UTC  } {Ready True 0001-01-01 00:00:00 +0000 UTC 2017-10-24 07:53:26 +0000 UTC  } {PodScheduled True 0001-01-01 00:00:00 +0000 UTC 2017-10-24 07:53:18 +0000 UTC  }]&#xA;Oct 25 08:23:56.666: INFO: client-containers-f513c2b8-b92f-11e7-af50-0a580af40014  k8s-kubeadm-node1  Succeeded         [{Initialized True 0001-01-01 00:00:00 +0000 UTC 2017-10-25 02:55:28 +0000 UTC PodCompleted } {Ready False 0001-01-01 00:00:00 +0000 UTC 2017-10-25 02:55:28 +0000 UTC PodCompleted } {PodScheduled True 0001-01-01 00:00:00 +0000 UTC 2017-10-25 02:55:28 +0000 UTC  }]&#xA;Oct 25 08:23:56.666: INFO: etcd-k8s-kubeadm-node1                                  k8s-kubeadm-node1  Running           [{Initialized True 0001-01-01 00:00:00 +0000 UTC 2017-10-24 03:13:11 +0000 UTC  } {Ready True 0001-01-01 00:00:00 +0000 UTC 2017-10-24 03:13:44 +0000 UTC  } {PodScheduled True 0001-01-01 00:00:00 +0000 UTC 2017-10-24 03:13:11 +0000 UTC  }]&#xA;Oct 25 08:23:56.666: INFO: kube-apiserver-k8s-kubeadm-node1                        k8s-kubeadm-node1  Running           [{Initialized True 0001-01-01 00:00:00 +0000 UTC 2017-10-24 03:13:11 +0000 UTC  } {Ready True 0001-01-01 00:00:00 +0000 UTC 2017-10-24 03:13:36 +0000 UTC  } {PodScheduled True 0001-01-01 00:00:00 +0000 UTC 2017-10-24 03:13:11 +0000 UTC  }]&#xA;Oct 25 08:23:56.666: INFO: kube-controller-manager-k8s-kubeadm-node1               k8s-kubeadm-node1  Running           [{Initialized True 0001-01-01 00:00:00 +0000 UTC 2017-10-24 03:13:11 +0000 UTC  } {Ready True 0001-01-01 00:00:00 +0000 UTC 2017-10-24 03:13:26 +0000 UTC  } {PodScheduled True 0001-01-01 00:00:00 +0000 UTC 2017-10-24 03:13:11 +0000 UTC  }]&#xA;Oct 25 08:23:56.666: INFO: kube-dns-545bc4bfd4-zhr2v                               k8s-kubeadm-node1  Running           [{Initialized True 0001-01-01 00:00:00 +0000 UTC 2017-10-24 03:16:11 +0000 UTC  } {Ready True 0001-01-01 00:00:00 +0000 UTC 2017-10-24 03:16:29 +0000 UTC  } {PodScheduled True 0001-01-01 00:00:00 +0000 UTC 2017-10-24 03:16:11 +0000 UTC  }]&#xA;Oct 25 08:23:56.666: INFO: kube-flannel-ds-mbc95                                   k8s-kubeadm-node1  Running           [{Initialized True 0001-01-01 00:00:00 +0000 UTC 2017-10-24 03:15:34 +0000 UTC  } {Ready True 0001-01-01 00:00:00 +0000 UTC 2017-10-24 03:15:51 +0000 UTC  } {PodScheduled True 0001-01-01 00:00:00 +0000 UTC 2017-10-24 03:15:51 +0000 UTC  }]&#xA;Oct 25 08:23:56.666: INFO: kube-proxy-qqx27                                        k8s-kubeadm-node1  Running           [{Initialized True 0001-01-01 00:00:00 +0000 UTC 2017-10-24 03:14:08 +0000 UTC  } {Ready True 0001-01-01 00:00:00 +0000 UTC 2017-10-24 03:14:16 +0000 UTC  } {PodScheduled True 0001-01-01 00:00:00 +0000 UTC 2017-10-24 03:14:16 +0000 UTC  }]&#xA;Oct 25 08:23:56.666: INFO: kube-scheduler-k8s-kubeadm-node1                        k8s-kubeadm-node1  Running           [{Initialized True 0001-01-01 00:00:00 +0000 UTC 2017-10-24 03:13:11 +0000 UTC  } {Ready True 0001-01-01 00:00:00 +0000 UTC 2017-10-24 03:13:21 +0000 UTC  } {PodScheduled True 0001-01-01 00:00:00 +0000 UTC 2017-10-24 03:13:11 +0000 UTC  }]&#xA;Oct 25 08:23:56.666: INFO: sonobuoy                                                k8s-kubeadm-node1  Running           [{Initialized True 0001-01-01 00:00:00 +0000 UTC 2017-10-25 08:16:40 +0000 UTC  } {Ready True 0001-01-01 00:00:00 +0000 UTC 2017-10-25 08:16:43 +0000 UTC  } {PodScheduled True 0001-01-01 00:00:00 +0000 UTC 2017-10-25 08:16:40 +0000 UTC  }]&#xA;Oct 25 08:23:56.666: INFO: sonobuoy-e2e-job-0b90b65693d24936                       k8s-kubeadm-node1  Running           [{Initialized True 0001-01-01 00:00:00 +0000 UTC 2017-10-25 08:16:43 +0000 UTC  } {Ready True 0001-01-01 00:00:00 +0000 UTC 2017-10-25 08:16:48 +0000 UTC  } {PodScheduled True 0001-01-01 00:00:00 +0000 UTC 2017-10-25 08:16:43 +0000 UTC  }]&#xA;Oct 25 08:23:56.666: INFO: &#xA;Oct 25 08:23:56.670: INFO: &#xA;Logging node info for node k8s-kubeadm-node1&#xA;Oct 25 08:23:56.672: INFO: Node Info: &amp;Node{ObjectMeta:k8s_io_apimachinery_pkg_apis_meta_v1.ObjectMeta{Name:k8s-kubeadm-node1,GenerateName:,Namespace:,SelfLink:/api/v1/nodes/k8s-kubeadm-node1,UID:5bded93b-b869-11e7-b126-fa163ec2c1f1,ResourceVersion:120651,Generation:0,CreationTimestamp:2017-10-24 03:13:51 +0000 UTC,DeletionTimestamp:&lt;nil&gt;,DeletionGracePeriodSeconds:nil,Labels:map[string]string{beta.kubernetes.io/arch: amd64,beta.kubernetes.io/os: linux,kubernetes.io/hostname: k8s-kubeadm-node1,node-role.kubernetes.io/master: ,},Annotations:map[string]string{flannel.alpha.coreos.com/backend-data: {&#34;VtepMAC&#34;:&#34;3a:d6:4c:60:ec:d8&#34;},flannel.alpha.coreos.com/backend-type: vxlan,flannel.alpha.coreos.com/kube-subnet-manager: true,flannel.alpha.coreos.com/public-ip: 192.168.202.22,node.alpha.kubernetes.io/ttl: 0,volumes.kubernetes.io/controller-managed-attach-detach: true,},OwnerReferences:[],Finalizers:[],ClusterName:,Initializers:nil,},Spec:NodeSpec{PodCIDR:10.244.0.0/24,ExternalID:k8s-kubeadm-node1,ProviderID:,Unschedulable:false,Taints:[],},Status:NodeStatus{Capacity:ResourceList{cpu: {{2 0} {&lt;nil&gt;} 2 DecimalSI},memory: {{4143583232 0} {&lt;nil&gt;} 4046468Ki BinarySI},pods: {{110 0} {&lt;nil&gt;} 110 DecimalSI},},Allocatable:ResourceList{cpu: {{2 0} {&lt;nil&gt;} 2 DecimalSI},memory: {{4038725632 0} {&lt;nil&gt;} 3944068Ki BinarySI},pods: {{110 0} {&lt;nil&gt;} 110 DecimalSI},},Phase:,Conditions:[{OutOfDisk False 2017-10-25 08:23:56 +0000 UTC 2017-10-24 03:13:47 +0000 UTC KubeletHasSufficientDisk kubelet has sufficient disk space available} {MemoryPressure False 2017-10-25 08:23:56 +0000 UTC 2017-10-24 03:13:47 +0000 UTC KubeletHasSufficientMemory kubelet has sufficient memory available} {DiskPressure False 2017-10-25 08:23:56 +0000 UTC 2017-10-24 03:13:47 +0000 UTC KubeletHasNoDiskPressure kubelet has no disk pressure} {Ready True 2017-10-25 08:23:56 +0000 UTC 2017-10-25 02:12:54 +0000 UTC KubeletReady kubelet is posting ready status. AppArmor enabled}],Addresses:[{InternalIP 192.168.202.22} {Hostname k8s-kubeadm-node1}],DaemonEndpoints:NodeDaemonEndpoints{KubeletEndpoint:DaemonEndpoint{Port:10250,},},NodeInfo:NodeSystemInfo{MachineID:538467895461d07ffe852ab859423618,SystemUUID:9C8349D9-E832-4FA7-82D6-8330DFEA0A23,BootID:69f7dc77-5c04-4619-9194-58ee2759767a,KernelVersion:4.4.0-62-generic,OSImage:Ubuntu 16.04.2 LTS,ContainerRuntimeVersion:docker://Unknown,KubeletVersion:v1.8.0,KubeProxyVersion:v1.8.0,OperatingSystem:linux,Architecture:amd64,},Images:[{[jimlintw/inception_serving@sha256:0027c60e7e077c77fca9c82dc85c8260ea66dd622e82e96ed60498f39e10386f jimlintw/inception_serving:latest] 4582827287} {[gcr.io/tensorflow-serving/inception@sha256:b60c79ea19c64731bc70304fa326691fe05733d535b2f55db93171fc785427f7 gcr.io/tensorflow-serving/inception:latest] 4325735944} {[gcr.io/heptio-images/kube-conformance@sha256:6f7e71f413e0a27f5d3af4eafe59e08a8f85308d620d839e31557c978bbe6f81 gcr.io/heptio-images/kube-conformance:v1.7.3] 505001769} {[gcr.io/heptio-images/sonobuoy@sha256:1132c9365edbea54aa574880cd2511c09e0f0b4476cbfe0e09e8ca8e536f6f17 gcr.io/heptio-images/sonobuoy:latest] 326280959} {[gcr.io/google_containers/kube-apiserver-amd64@sha256:e1f4066f2f8e0cf975d8427842d95c86fd872c239e9ed2534f83121ebdce10a1 gcr.io/google_containers/kube-apiserver-amd64:v1.8.1] 194040691} {[gcr.io/google_containers/jessie-dnsutils@sha256:2460d596912244b5f8973573f7150e7264b570015f4becc2d0096f0bd1d17e36 gcr.io/google_containers/jessie-dnsutils:e2e] 190148402} {[gcr.io/google_containers/etcd-amd64@sha256:d83d3545e06fb035db8512e33bd44afb55dea007a3abd7b17742d3ac6d235940 gcr.io/google_containers/etcd-amd64:3.0.17] 168935516} {[gcr.io/google_containers/kube-controller-manager-amd64@sha256:d9a1ab41ba39939511077ce2da44774daafaaecc6460a62358c6e0428831b7d2 gcr.io/google_containers/kube-controller-manager-amd64:v1.8.1] 129216678} {[ubuntu@sha256:506e2d5852de1d7c90d538c5332bd3cc33b9cbd26f6ca653875899c505c82687 ubuntu:16.04] 122028764} {[gcr.io/google_containers/kube-proxy-amd64@sha256:58fd496116bf3d2790279f9c44040bdfa71791aba7a7a1b5ca35025b5a032b9f gcr.io/google_containers/kube-proxy-amd64:v1.8.1] 93139412} {[gcr.io/google_containers/nginx-slim@sha256:dd4efd4c13bec2c6f3fe855deeab9524efe434505568421d4f31820485b3a795 gcr.io/google_containers/nginx-slim:0.7] 86864428} {[gcr.io/google_containers/kube-scheduler-amd64@sha256:fbb29b579b8f20075073987023caa146783d85eac66808c0860f99187fc02454 gcr.io/google_containers/kube-scheduler-amd64:v1.8.1] 54884010} {[quay.io/coreos/flannel@sha256:a8116d095a1a2c4e5a47d5fea20ef82bd556bafe15bb2e6aa2c79f8f22f9586f quay.io/coreos/flannel:v0.8.0-amd64] 50732259} {[gcr.io/google_containers/k8s-dns-kube-dns-amd64@sha256:1a3fc069de481ae690188f6f1ba4664b5cc7760af37120f70c86505c79eea61d gcr.io/google_containers/k8s-dns-kube-dns-amd64:1.14.5] 49387411} {[gcr.io/google_containers/k8s-dns-sidecar-amd64@sha256:9aab42bf6a2a068b797fe7d91a5d8d915b10dbbc3d6f2b10492848debfba6044 gcr.io/google_containers/k8s-dns-sidecar-amd64:1.14.5] 41819177} {[gcr.io/google_containers/k8s-dns-dnsmasq-nanny-amd64@sha256:46b933bb70270c8a02fa6b6f87d440f6f1fce1a5a2a719e164f83f7b109f7544 gcr.io/google_containers/k8s-dns-dnsmasq-nanny-amd64:1.14.5] 41423617} {[gcr.io/google_containers/nettest@sha256:8af3a0e8b8ab906b0648dd575e8785e04c19113531f8ffbaab9e149aa1a60763 gcr.io/google_containers/nettest:1.7] 24051275} {[gcr.io/google_containers/hostexec@sha256:cab8d4e2526f8f767c64febe4ce9e0f0e58cd35fdff81b3aadba4dd041ba9f00 gcr.io/google_containers/hostexec:1.2] 13209617} {[gcr.io/google_containers/dnsutils@sha256:cd9182f6d74e616942db1cef6f25e1e54b49ba0330c2e19d3ec061f027666cc0 gcr.io/google_containers/dnsutils:e2e] 8897789} {[gcr.io/google_containers/netexec@sha256:56c53846f44ea214e4aa5df37c9c50331f0b09e64a32cc7cf17c7e1808d38eef gcr.io/google_containers/netexec:1.7] 8016035} {[gcr.io/google_containers/serve_hostname@sha256:a49737ee84a3b94f0b977f32e60c5daf11f0b5636f1f7503a2981524f351c57a gcr.io/google_containers/serve_hostname:v1.4] 6222101} {[gcr.io/google_containers/test-webserver@sha256:f804e8837490d1dfdb5002e073f715fd0a08115de74e5a4847ca952315739372 gcr.io/google_containers/test-webserver:e2e] 4534272} {[gcr.io/google_containers/porter@sha256:e957fd700f36385f469a56bb668d2321a9e1c30f39b08473387cb93ac8b6d2ac gcr.io/google_containers/porter:4524579c0eb935c056c8e75563b4e1eda31587e0] 4413212} {[gcr.io/google_containers/liveness@sha256:90994881062c7de7bb1761f2f3d020fe9aa3d332a90e00ebd3ca9dcc1ed74f1c gcr.io/google_containers/liveness:e2e] 4387474} {[gcr.io/google_containers/eptest@sha256:bb088b26ed78613cce171420168db9a6c62a8dbea17d7be13077e7010bae162f gcr.io/google_containers/eptest:0.1] 2970692} {[gcr.io/google_containers/mounttest@sha256:c4dcedb26013ab4231a2b2aaa4eebd5c2a44d5c597fa0613c9ff8bde4fb9fe02 gcr.io/google_containers/mounttest:0.7] 2052704} {[gcr.io/google_containers/mounttest-user@sha256:5487c126b03abf4119a8f7950cd5f591f72dbe4ab15623f3387d3917e1268b4e gcr.io/google_containers/mounttest-user:0.5] 1450761} {[gcr.io/google_containers/mounttest@sha256:bec3122ddcf8bd999e44e46e096659f31241d09f5236bc3dc212ea584ca06856 gcr.io/google_containers/mounttest:0.8] 1450761} {[gcr.io/google_containers/busybox@sha256:4bdd623e848417d96127e16037743f0cd8b528c026e9175e22a84f639eca58ff gcr.io/google_containers/busybox:1.24] 1113554} {[gcr.io/google_containers/pause-amd64@sha256:163ac025575b775d1c0f9bf0bdd0f086883171eb475b5068e7defa4ca9e76516 gcr.io/google_containers/pause-amd64:3.0] 746888}],VolumesInUse:[],VolumesAttached:[],},}&#xA;Oct 25 08:23:56.673: INFO: &#xA;Logging kubelet events for node k8s-kubeadm-node1&#xA;Oct 25 08:23:56.678: INFO: &#xA;Logging pods the kubelet thinks is on node k8s-kubeadm-node1&#xA;Oct 25 08:23:56.690: INFO: sonobuoy started at 2017-10-25 08:16:40 +0000 UTC (0+1 container statuses recorded)&#xA;Oct 25 08:23:56.691: INFO: &#x9;Container kube-sonobuoy ready: true, restart count 0&#xA;Oct 25 08:23:56.691: INFO: etcd-k8s-kubeadm-node1 started at &lt;nil&gt; (0+0 container statuses recorded)&#xA;Oct 25 08:23:56.691: INFO: kube-dns-545bc4bfd4-zhr2v started at 2017-10-24 03:16:11 +0000 UTC (0+3 container statuses recorded)&#xA;Oct 25 08:23:56.691: INFO: &#x9;Container dnsmasq ready: true, restart count 0&#xA;Oct 25 08:23:56.691: INFO: &#x9;Container kubedns ready: true, restart count 0&#xA;Oct 25 08:23:56.691: INFO: &#x9;Container sidecar ready: true, restart count 0&#xA;Oct 25 08:23:56.691: INFO: inception-deployment-564d9d4549-r4x4p started at 2017-10-24 07:53:18 +0000 UTC (0+1 container statuses recorded)&#xA;Oct 25 08:23:56.691: INFO: &#x9;Container inception-container ready: true, restart count 0&#xA;Oct 25 08:23:56.691: INFO: inception-deployment-564d9d4549-mzgpl started at 2017-10-24 07:53:18 +0000 UTC (0+1 container statuses recorded)&#xA;Oct 25 08:23:56.691: INFO: &#x9;Container inception-container ready: true, restart count 0&#xA;Oct 25 08:23:56.691: INFO: kube-controller-manager-k8s-kubeadm-node1 started at &lt;nil&gt; (0+0 container statuses recorded)&#xA;Oct 25 08:23:56.691: INFO: kube-proxy-qqx27 started at 2017-10-24 03:14:08 +0000 UTC (0+1 container statuses recorded)&#xA;Oct 25 08:23:56.691: INFO: &#x9;Container kube-proxy ready: true, restart count 0&#xA;Oct 25 08:23:56.691: INFO: kube-flannel-ds-mbc95 started at 2017-10-24 03:15:34 +0000 UTC (0+2 container statuses recorded)&#xA;Oct 25 08:23:56.691: INFO: &#x9;Container install-cni ready: true, restart count 0&#xA;Oct 25 08:23:56.691: INFO: &#x9;Container kube-flannel ready: true, restart count 0&#xA;Oct 25 08:23:56.691: INFO: kube-scheduler-k8s-kubeadm-node1 started at &lt;nil&gt; (0+0 container statuses recorded)&#xA;Oct 25 08:23:56.691: INFO: inception-deployment-564d9d4549-wcpvz started at 2017-10-24 07:53:18 +0000 UTC (0+1 container statuses recorded)&#xA;Oct 25 08:23:56.691: INFO: &#x9;Container inception-container ready: true, restart count 0&#xA;Oct 25 08:23:56.691: INFO: kube-apiserver-k8s-kubeadm-node1 started at &lt;nil&gt; (0+0 container statuses recorded)&#xA;Oct 25 08:23:56.691: INFO: client-containers-f513c2b8-b92f-11e7-af50-0a580af40014 started at 2017-10-25 02:55:28 +0000 UTC (0+1 container statuses recorded)&#xA;Oct 25 08:23:56.691: INFO: &#x9;Container test-container ready: false, restart count 0&#xA;Oct 25 08:23:56.691: INFO: sonobuoy-e2e-job-0b90b65693d24936 started at 2017-10-25 08:16:43 +0000 UTC (0+2 container statuses recorded)&#xA;Oct 25 08:23:56.691: INFO: &#x9;Container e2e ready: true, restart count 0&#xA;Oct 25 08:23:56.691: INFO: &#x9;Container sonobuoy-worker ready: true, restart count 0&#xA;Oct 25 08:23:56.739: INFO: &#xA;Latency metrics for node k8s-kubeadm-node1&#xA;STEP: Dumping a list of prepulled images on each node to file /tmp/results/image-puller.txt&#xA;Oct 25 08:23:56.744: INFO: Waiting up to 3m0s for all (but 0) nodes to be ready&#xA;STEP: Destroying namespace &#34;e2e-tests-sched-pred-jhjb9&#34; for this suite.&#xA;Oct 25 08:24:05.164: INFO: namespace: e2e-tests-sched-pred-jhjb9, resource: bindings, ignored listing per whitelist&#xA;Oct 25 08:24:05.800: INFO: namespace e2e-tests-sched-pred-jhjb9 deletion completed in 9.046100996s&#xA;[AfterEach] [k8s.io] SchedulerPredicates [Serial]&#xA;  /go/src/k8s.io/kubernetes/_output/dockerized/go/src/k8s.io/kubernetes/test/e2e/scheduling/predicates.go:73&#xA;</system-out>
      </testcase>
      <testcase name="[k8s.io] Load capacity [Feature:ManualPerformance] should be able to handle 30 pods per node {extensions Deployment} with 0 secrets, 2 configmaps and 0 daemons" classname="Kubernetes e2e suite" time="0">
          <skipped></skipped>
      </testcase>
      <testcase name="[k8s.io] ReplicaSet should serve a basic image on each replica with a public image [Conformance]" classname="Kubernetes e2e suite" time="19.006077052"></testcase>
      <testcase name="[k8s.io] Kubectl client [k8s.io] Kubectl run job should create a job from an image when restart is OnFailure [Conformance]" classname="Kubernetes e2e suite" time="0">
          <skipped></skipped>
      </testcase>
      <testcase name="[k8s.io] Sysctls should reject invalid sysctls" classname="Kubernetes e2e suite" time="0">
          <skipped></skipped>
      </testcase>
      <testcase name="[k8s.io] Federated Services [Feature:Federation] with clusters DNS non-local federated service should be able to discover a non-local federated service" classname="Kubernetes e2e suite" time="0">
          <skipped></skipped>
      </testcase>
      <testcase name="[k8s.io] NoExecuteTaintManager [Serial] eventually evict pod with finite tolerations from tainted nodes" classname="Kubernetes e2e suite" time="0">
          <skipped></skipped>
      </testcase>
      <testcase name="[k8s.io] Dynamic Provisioning [k8s.io] DynamicProvisioner Default should be disabled by removing the default annotation[Slow] [Serial] [Disruptive] [Volume]" classname="Kubernetes e2e suite" time="0">
          <skipped></skipped>
      </testcase>
      <testcase name="[k8s.io] EmptyDir wrapper volumes should not cause race condition when used for configmaps [Serial] [Slow] [Volume]" classname="Kubernetes e2e suite" time="0">
          <skipped></skipped>
      </testcase>
      <testcase name="[k8s.io] Services should work after restarting apiserver [Disruptive]" classname="Kubernetes e2e suite" time="0">
          <skipped></skipped>
      </testcase>
      <testcase name="[k8s.io] Probing container should be restarted with a /healthz http liveness probe [Conformance]" classname="Kubernetes e2e suite" time="35.167447688"></testcase>
      <testcase name="[k8s.io] Load capacity [Feature:ManualPerformance] should be able to handle 30 pods per node { ReplicationController} with 0 secrets, 0 configmaps and 2 daemons" classname="Kubernetes e2e suite" time="0">
          <skipped></skipped>
      </testcase>
      <testcase name="[k8s.io] SchedulerPriorities [Serial] Pod should be schedule to node that satisify the PodAffinity" classname="Kubernetes e2e suite" time="0">
          <skipped></skipped>
      </testcase>
      <testcase name="[k8s.io] PersistentVolumes [k8s.io] PersistentVolumes:NFS when invoking the Recycle reclaim policy should test that a PV becomes Available and is clean after the PVC is deleted. [Volume]" classname="Kubernetes e2e suite" time="0">
          <skipped></skipped>
      </testcase>
      <testcase name="[k8s.io] Daemon set [Serial] Should adopt existing pods when creating a RollingUpdate DaemonSet regardless of templateGeneration" classname="Kubernetes e2e suite" time="0">
          <skipped></skipped>
      </testcase>
      <testcase name="[k8s.io] StatefulSet [k8s.io] Basic StatefulSet functionality [StatefulSetBasic] Scaling should happen in predictable order and halt if any stateful pod is unhealthy" classname="Kubernetes e2e suite" time="0">
          <skipped></skipped>
      </testcase>
      <testcase name="[k8s.io] [Feature:Federation] Federation API server authentication [NoCluster] should not accept cluster resources when the client has invalid token authentication credentials" classname="Kubernetes e2e suite" time="0">
          <skipped></skipped>
      </testcase>
      <testcase name="[k8s.io] Cluster size autoscaling [Slow] should disable node pool autoscaling [Feature:ClusterSizeAutoscalingScaleUp]" classname="Kubernetes e2e suite" time="0">
          <skipped></skipped>
      </testcase>
      <testcase name="[k8s.io] CronJob should not schedule new jobs when ForbidConcurrent [Slow]" classname="Kubernetes e2e suite" time="0">
          <skipped></skipped>
      </testcase>
      <testcase name="[k8s.io] Opaque resources [Feature:OpaqueResources] should schedule pods that initially do not fit after enough opaque integer resources are freed." classname="Kubernetes e2e suite" time="0">
          <skipped></skipped>
      </testcase>
      <testcase name="[k8s.io] Projected should be consumable from pods in volume with defaultMode set [Conformance] [Volume]" classname="Kubernetes e2e suite" time="12.691942925"></testcase>
      <testcase name="[k8s.io] Deployment deployment should delete old replica sets" classname="Kubernetes e2e suite" time="0">
          <skipped></skipped>
      </testcase>
      <testcase name="[k8s.io] Reboot [Disruptive] [Feature:Reboot] each node by dropping all inbound packets for a while and ensure they function afterwards" classname="Kubernetes e2e suite" time="0">
          <skipped></skipped>
      </testcase>
      <testcase name="[k8s.io] StatefulSet [k8s.io] Basic StatefulSet functionality [StatefulSetBasic] should perform canary updates and phased rolling updates of template modifications" classname="Kubernetes e2e suite" time="0">
          <skipped></skipped>
      </testcase>
      <testcase name="[k8s.io] PersistentVolumes:GCEPD [Volume] should test that deleting the Namespace of a PVC and Pod causes the successful detach of Persistent Disk" classname="Kubernetes e2e suite" time="0">
          <skipped></skipped>
      </testcase>
      <testcase name="[k8s.io] DNS should provide DNS for pods for Hostname and Subdomain Annotation" classname="Kubernetes e2e suite" time="0">
          <skipped></skipped>
      </testcase>
      <testcase name="[k8s.io] NetworkPolicy should enforce policy based on Ports [Feature:NetworkPolicy]" classname="Kubernetes e2e suite" time="0">
          <skipped></skipped>
      </testcase>
      <testcase name="[k8s.io] Cluster size autoscaling [Slow] should add node to the particular mig [Feature:ClusterSizeAutoscalingScaleUp]" classname="Kubernetes e2e suite" time="0">
          <skipped></skipped>
      </testcase>
      <testcase name="[k8s.io] NoExecuteTaintManager [Serial] evicts pods from tainted nodes" classname="Kubernetes e2e suite" time="0">
          <skipped></skipped>
      </testcase>
      <testcase name="[k8s.io] ReplicationController should adopt matching pods on creation" classname="Kubernetes e2e suite" time="0">
          <skipped></skipped>
      </testcase>
      <testcase name="[k8s.io] Cluster size autoscaling [Slow] shouldn&#39;t trigger additional scale-ups during processing scale-up [Feature:ClusterSizeAutoscalingScaleUp]" classname="Kubernetes e2e suite" time="0">
          <skipped></skipped>
      </testcase>
      <testcase name="[k8s.io] DisruptionController evictions: too few pods, replicaSet, percentage =&gt; should not allow an eviction" classname="Kubernetes e2e suite" time="0">
          <skipped></skipped>
      </testcase>
      <testcase name="[k8s.io] Loadbalancing: L7 [k8s.io] GCE [Slow] [Feature:Ingress] should create ingress with given static-ip" classname="Kubernetes e2e suite" time="0">
          <skipped></skipped>
      </testcase>
      <testcase name="[k8s.io] SchedulerPredicates [Serial] validates that embedding the JSON PodAffinity and PodAntiAffinity setting as a string in the annotation value work" classname="Kubernetes e2e suite" time="0">
          <skipped></skipped>
      </testcase>
      <testcase name="[k8s.io] SchedulerPriorities [Serial] Pod should be schedule to node that don&#39;t match the PodAntiAffinity terms" classname="Kubernetes e2e suite" time="0">
          <skipped></skipped>
      </testcase>
      <testcase name="[k8s.io] Network Partition [Disruptive] [Slow] [k8s.io] [ReplicationController] should eagerly create replacement pod during network partition when termination grace is non-zero" classname="Kubernetes e2e suite" time="0">
          <skipped></skipped>
      </testcase>
      <testcase name="[k8s.io] ESIPP [Slow] should work for type=NodePort" classname="Kubernetes e2e suite" time="0">
          <skipped></skipped>
      </testcase>
      <testcase name="[k8s.io] Cluster size autoscaling [Slow] should scale up correct target pool [Feature:ClusterSizeAutoscalingScaleUp]" classname="Kubernetes e2e suite" time="0">
          <skipped></skipped>
      </testcase>
      <testcase name="[k8s.io] DisruptionController evictions: enough pods, absolute =&gt; should allow an eviction" classname="Kubernetes e2e suite" time="0">
          <skipped></skipped>
      </testcase>
      <testcase name="[k8s.io] Multi-AZ Clusters should spread the pods of a replication controller across zones" classname="Kubernetes e2e suite" time="0">
          <skipped></skipped>
      </testcase>
      <testcase name="[k8s.io] Security Context [Feature:SecurityContext] should support volume SELinux relabeling when using hostIPC" classname="Kubernetes e2e suite" time="0">
          <skipped></skipped>
      </testcase>
      <testcase name="[k8s.io] Volume Placement [Volume] should create and delete pod with the same volume source on the same worker node" classname="Kubernetes e2e suite" time="0">
          <skipped></skipped>
      </testcase>
      <testcase name="[k8s.io] PersistentVolumes:GCEPD [Volume] should test that deleting the PV before the pod does not cause pod deletion to fail on PD detach" classname="Kubernetes e2e suite" time="0">
          <skipped></skipped>
      </testcase>
      <testcase name="[k8s.io] Federated Services [Feature:Federation] with clusters DNS non-local federated service [Slow] missing local service should never find DNS entries for a missing local service" classname="Kubernetes e2e suite" time="0">
          <skipped></skipped>
      </testcase>
      <testcase name="[k8s.io] kubelet [k8s.io] Clean up pods on node kubelet should be able to delete 10 pods per node in 1m0s." classname="Kubernetes e2e suite" time="0">
          <skipped></skipped>
      </testcase>
      <testcase name="[k8s.io] Projected should provide node allocatable (memory) as default memory limit if the limit is not set [Conformance] [Volume]" classname="Kubernetes e2e suite" time="12.716368374"></testcase>
      <testcase name="[k8s.io] Job should adopt matching orphans and release non-matching pods" classname="Kubernetes e2e suite" time="0">
          <skipped></skipped>
      </testcase>
      <testcase name="[k8s.io] Downward API volume should update annotations on modification [Conformance] [Volume]" classname="Kubernetes e2e suite" time="65.769468306"></testcase>
      <testcase name="[k8s.io] Networking [k8s.io] Granular Checks: Services [Slow] should function for pod-Service: http" classname="Kubernetes e2e suite" time="0">
          <skipped></skipped>
      </testcase>
      <testcase name="[k8s.io] Pods should support remote command execution over websockets" classname="Kubernetes e2e suite" time="0">
          <skipped></skipped>
      </testcase>
      <testcase name="[k8s.io] Opaque resources [Feature:OpaqueResources] should schedule pods that do consume opaque integer resources." classname="Kubernetes e2e suite" time="0">
          <skipped></skipped>
      </testcase>
      <testcase name="[k8s.io] NetworkPolicy should support a &#39;default-deny&#39; policy [Feature:NetworkPolicy]" classname="Kubernetes e2e suite" time="0">
          <skipped></skipped>
      </testcase>
      <testcase name="[k8s.io] Port forwarding [k8s.io] With a server listening on localhost should support forwarding over websockets" classname="Kubernetes e2e suite" time="0">
          <skipped></skipped>
      </testcase>
      <testcase name="[k8s.io] Probing container with readiness probe should not be ready before initial delay and never restart [Conformance]" classname="Kubernetes e2e suite" time="60.727636228"></testcase>
      <testcase name="[k8s.io] ESIPP [Slow] should work from pods" classname="Kubernetes e2e suite" time="0">
          <skipped></skipped>
      </testcase>
      <testcase name="[k8s.io] Federated ReplicaSet [Feature:Federation] Features Preferences should create replicasets with weight preference" classname="Kubernetes e2e suite" time="0">
          <skipped></skipped>
      </testcase>
      <testcase name="[k8s.io] Networking [k8s.io] Granular Checks: Services [Slow] should function for endpoint-Service: udp" classname="Kubernetes e2e suite" time="0">
          <skipped></skipped>
      </testcase>
      <testcase name="[k8s.io] Upgrade [Feature:Upgrade] [k8s.io] cluster upgrade should maintain a functioning cluster [Feature:ClusterUpgrade]" classname="Kubernetes e2e suite" time="0">
          <skipped></skipped>
      </testcase>
      <testcase name="[k8s.io] ResourceQuota should create a ResourceQuota and capture the life of a secret." classname="Kubernetes e2e suite" time="0">
          <skipped></skipped>
      </testcase>
      <testcase name="[k8s.io] InitContainer should invoke init containers on a RestartAlways pod" classname="Kubernetes e2e suite" time="0">
          <skipped></skipped>
      </testcase>
      <testcase name="[k8s.io] Probing container should have monotonically increasing restart count [Conformance] [Slow]" classname="Kubernetes e2e suite" time="153.598277738"></testcase>
      <testcase name="[k8s.io] Federated Services [Feature:Federation] Without Clusters [NoCluster] should succeed when a service is created" classname="Kubernetes e2e suite" time="0">
          <skipped></skipped>
      </testcase>
      <testcase name="[k8s.io] Projected should set DefaultMode on files [Conformance] [Volume]" classname="Kubernetes e2e suite" time="12.969497719"></testcase>
      <testcase name="[k8s.io] Federation apiserver [Feature:Federation] Cluster objects [Serial] should be created and deleted successfully" classname="Kubernetes e2e suite" time="0">
          <skipped></skipped>
      </testcase>
      <testcase name="[k8s.io] Federated ReplicaSet [Feature:Federation] ReplicaSet objects [NoCluster] should be created and deleted successfully" classname="Kubernetes e2e suite" time="0">
          <skipped></skipped>
      </testcase>
      <testcase name="[k8s.io] Advanced Audit [Feature:Audit] should audit API calls" classname="Kubernetes e2e suite" time="0">
          <skipped></skipped>
      </testcase>
      <testcase name="[k8s.io] [Feature:Example] [k8s.io] RethinkDB should create and stop rethinkdb servers" classname="Kubernetes e2e suite" time="0">
          <skipped></skipped>
      </testcase>
      <testcase name="[k8s.io] EmptyDir volumes when FSGroup is specified [Feature:FSGroup] new files should be created with FSGroup ownership when container is root [Volume]" classname="Kubernetes e2e suite" time="0">
          <skipped></skipped>
      </testcase>
      <testcase name="[k8s.io] Federation namespace [Feature:Federation] Namespace objects should be deleted from underlying clusters when OrphanDependents is false" classname="Kubernetes e2e suite" time="0">
          <skipped></skipped>
      </testcase>
      <testcase name="[k8s.io] CronJob should delete successful finished jobs with limit of one successful job" classname="Kubernetes e2e suite" time="0">
          <skipped></skipped>
      </testcase>
      <testcase name="[k8s.io] Security Context [Feature:SecurityContext] should support seccomp alpha unconfined annotation on the pod [Feature:Seccomp]" classname="Kubernetes e2e suite" time="0">
          <skipped></skipped>
      </testcase>
      <testcase name="[k8s.io] Cluster level logging using GCL [Feature:StackdriverLogging] should create a constant load with short-living pods and ensure logs delivery" classname="Kubernetes e2e suite" time="0">
          <skipped></skipped>
      </testcase>
      <testcase name="[k8s.io] Pods should be updated [Conformance]" classname="Kubernetes e2e suite" time="81.23600898"></testcase>
      <testcase name="[k8s.io] [HPA] Horizontal pod autoscaling (scale resource: CPU) [k8s.io] [Serial] [Slow] ReplicationController Should scale from 5 pods to 3 pods and from 3 to 1 and verify decision stability" classname="Kubernetes e2e suite" time="0">
          <skipped></skipped>
      </testcase>
      <testcase name="[k8s.io] [Feature:Federation] Federation API server authentication [NoCluster] should accept cluster resources when the client has certificate authentication credentials" classname="Kubernetes e2e suite" time="0">
          <skipped></skipped>
      </testcase>
      <testcase name="[k8s.io] Cluster size autoscaling [Slow] should increase cluster size if pending pods are small and one node is broken [Feature:ClusterSizeAutoscalingScaleUp]" classname="Kubernetes e2e suite" time="0">
          <skipped></skipped>
      </testcase>
      <testcase name="[k8s.io] Proxy version v1 should proxy logs on node with explicit kubelet port using proxy subresource [Conformance]" classname="Kubernetes e2e suite" time="8.666335575"></testcase>
      <testcase name="[k8s.io] Downward API volume should provide node allocatable (cpu) as default cpu limit if the limit is not set [Conformance] [Volume]" classname="Kubernetes e2e suite" time="13.08138621"></testcase>
      <testcase name="[k8s.io] ESIPP [Slow] should only target nodes with endpoints" classname="Kubernetes e2e suite" time="0">
          <skipped></skipped>
      </testcase>
      <testcase name="[k8s.io] [Feature:Example] [k8s.io] Storm should create and stop Zookeeper, Nimbus and Storm worker servers" classname="Kubernetes e2e suite" time="0">
          <skipped></skipped>
      </testcase>
      <testcase name="[k8s.io] Networking [k8s.io] Granular Checks: Services [Slow] should update endpoints: udp" classname="Kubernetes e2e suite" time="0">
          <skipped></skipped>
      </testcase>
      <testcase name="[k8s.io] Reboot [Disruptive] [Feature:Reboot] each node by switching off the network interface and ensure they function upon switch on" classname="Kubernetes e2e suite" time="0">
          <skipped></skipped>
      </testcase>
      <testcase name="[k8s.io] Probing container should *not* be restarted with a exec &#34;cat /tmp/health&#34; liveness probe [Conformance]" classname="Kubernetes e2e suite" time="132.857415324"></testcase>
      <testcase name="[k8s.io] kubelet [k8s.io] host cleanup with volume mounts [Volume][HostCleanup][Flaky] Host cleanup after disrupting NFS volume [NFS] after stopping the nfs-server and deleting the (sleeping) client pod, the NFS mount and the pod&#39;s UID directory should be removed." classname="Kubernetes e2e suite" time="0">
          <skipped></skipped>
      </testcase>
      <testcase name="[k8s.io] Downward API volume should update labels on modification [Conformance] [Volume]" classname="Kubernetes e2e suite" time="87.106306048"></testcase>
      <testcase name="[k8s.io] NetworkPolicy should enforce policy based on NamespaceSelector [Feature:NetworkPolicy]" classname="Kubernetes e2e suite" time="0">
          <skipped></skipped>
      </testcase>
      <testcase name="[k8s.io] Projected should provide node allocatable (cpu) as default cpu limit if the limit is not set [Conformance] [Volume]" classname="Kubernetes e2e suite" time="12.809360713"></testcase>
      <testcase name="[k8s.io] Volume Disk Format [Volumes] verify disk format type - eagerzeroedthick is honored for dynamically provisioned pv using storageclass" classname="Kubernetes e2e suite" time="0">
          <skipped></skipped>
      </testcase>
      <testcase name="[k8s.io] Garbage collector [Feature:GarbageCollector] should keep the rc around until all its pods are deleted if the deleteOptions says so" classname="Kubernetes e2e suite" time="0">
          <skipped></skipped>
      </testcase>
      <testcase name="[k8s.io] Density [Feature:Performance] should allow starting 30 pods per node using { ReplicationController} with 0 secrets, 0 configmaps and 0 daemons" classname="Kubernetes e2e suite" time="0">
          <skipped></skipped>
      </testcase>
      <testcase name="[k8s.io] EmptyDir volumes when FSGroup is specified [Feature:FSGroup] volume on default medium should have the correct mode using FSGroup [Volume]" classname="Kubernetes e2e suite" time="0">
          <skipped></skipped>
      </testcase>
      <testcase name="[k8s.io] Logging soak [Performance] [Slow] [Disruptive] should survive logging 1KB every 1s seconds, for a duration of 2m0s, scaling up to 1 pods per node" classname="Kubernetes e2e suite" time="0">
          <skipped></skipped>
      </testcase>
      <testcase name="[k8s.io] CronJob should adopt Jobs it owns that don&#39;t have ControllerRef yet" classname="Kubernetes e2e suite" time="0">
          <skipped></skipped>
      </testcase>
      <testcase name="[k8s.io] PersistentVolumes:GCEPD [Volume] should test that deleting a PVC before the pod does not cause pod deletion to fail on PD detach" classname="Kubernetes e2e suite" time="0">
          <skipped></skipped>
      </testcase>
      <testcase name="[k8s.io] Generated release_1_5 clientset should create v2alpha1 cronJobs, delete cronJobs, watch cronJobs" classname="Kubernetes e2e suite" time="0">
          <skipped></skipped>
      </testcase>
      <testcase name="[k8s.io] Kubectl client [k8s.io] Update Demo should create and stop a replication controller [Conformance]" classname="Kubernetes e2e suite" time="0">
          <skipped></skipped>
      </testcase>
      <testcase name="[k8s.io] vsphere volume operations storm [Volume] should create pod with many volumes and verify no attach call fails" classname="Kubernetes e2e suite" time="0">
          <skipped></skipped>
      </testcase>
      <testcase name="[k8s.io] Networking [k8s.io] Granular Checks: Pods should function for node-pod communication: udp [Conformance]" classname="Kubernetes e2e suite" time="45.749191154"></testcase>
      <testcase name="[k8s.io] Pod Disks should schedule a pod w/ a RW PD, ungracefully remove it, then schedule it on another host [Slow] [Volume]" classname="Kubernetes e2e suite" time="0">
          <skipped></skipped>
      </testcase>
      <testcase name="[k8s.io] Secrets should be consumable from pods in env vars [Conformance]" classname="Kubernetes e2e suite" time="12.674823036"></testcase>
      <testcase name="[k8s.io] Projected should be consumable from pods in volume with mappings and Item Mode set [Conformance] [Volume]" classname="Kubernetes e2e suite" time="13.03201142"></testcase>
      <testcase name="[k8s.io] Multi-AZ Clusters should schedule pods in the same zones as statically provisioned PVs" classname="Kubernetes e2e suite" time="0">
          <skipped></skipped>
      </testcase>
      <testcase name="[k8s.io] PersistentVolumes [k8s.io] PersistentVolumes:NFS with Single PV - PVC pairs create a PVC and non-pre-bound PV: test write access" classname="Kubernetes e2e suite" time="0">
          <skipped></skipped>
      </testcase>
      <testcase name="[k8s.io] PersistentVolumes:vsphere should test that a file written to the vspehre volume mount before kubelet restart can be read after restart [Disruptive]" classname="Kubernetes e2e suite" time="0">
          <skipped></skipped>
      </testcase>
      <testcase name="[k8s.io] ResourceQuota should create a ResourceQuota and capture the life of a service." classname="Kubernetes e2e suite" time="0">
          <skipped></skipped>
      </testcase>
      <testcase name="[k8s.io] Projected should be consumable from pods in volume as non-root with defaultMode and fsGroup set [Conformance] [Volume]" classname="Kubernetes e2e suite" time="13.090327396"></testcase>
      <testcase name="[k8s.io] Secrets should be consumable in multiple volumes in a pod [Conformance] [Volume]" classname="Kubernetes e2e suite" time="13.232179504"></testcase>
      <testcase name="[k8s.io] Density [Feature:ManualPerformance] should allow starting 50 pods per node using { ReplicationController} with 0 secrets, 0 configmaps and 0 daemons" classname="Kubernetes e2e suite" time="0">
          <skipped></skipped>
      </testcase>
      <testcase name="[k8s.io] SchedulerPredicates [Serial] validates resource limits of pods that are allowed to run [Conformance]" classname="Kubernetes e2e suite" time="66.982892546">
          <failure type="Failure">/go/src/k8s.io/kubernetes/_output/dockerized/go/src/k8s.io/kubernetes/test/e2e/scheduling/predicates.go:109&#xA;Expected error:&#xA;    &lt;*errors.errorString | 0xc4217d9800&gt;: {&#xA;        s: &#34;Namespace e2e-tests-containers-cqwcb is active&#34;,&#xA;    }&#xA;    Namespace e2e-tests-containers-cqwcb is active&#xA;not to have occurred&#xA;/go/src/k8s.io/kubernetes/_output/dockerized/go/src/k8s.io/kubernetes/test/e2e/scheduling/predicates.go:84</failure>
          <system-out>[BeforeEach] [k8s.io] SchedulerPredicates [Serial]&#xA;  /go/src/k8s.io/kubernetes/_output/dockerized/go/src/k8s.io/kubernetes/test/e2e/framework/framework.go:130&#xA;STEP: Creating a kubernetes client&#xA;Oct 25 08:37:32.001: INFO: &gt;&gt;&gt; kubeConfig: &#xA;STEP: Building a namespace api object&#xA;STEP: Waiting for a default service account to be provisioned in namespace&#xA;[BeforeEach] [k8s.io] SchedulerPredicates [Serial]&#xA;  /go/src/k8s.io/kubernetes/_output/dockerized/go/src/k8s.io/kubernetes/test/e2e/scheduling/predicates.go:109&#xA;Oct 25 08:37:32.095: INFO: Waiting up to 1m0s for all nodes to be ready&#xA;Oct 25 08:38:32.113: INFO: Waiting for terminating namespaces to be deleted...&#xA;Oct 25 08:38:32.182: INFO: Unexpected error occurred: Namespace e2e-tests-containers-cqwcb is active&#xA;[AfterEach] [k8s.io] SchedulerPredicates [Serial]&#xA;  /go/src/k8s.io/kubernetes/_output/dockerized/go/src/k8s.io/kubernetes/test/e2e/framework/framework.go:131&#xA;STEP: Collecting events from namespace &#34;e2e-tests-sched-pred-bhzwn&#34;.&#xA;STEP: Found 0 events.&#xA;Oct 25 08:38:32.215: INFO: POD                                                     NODE               PHASE      GRACE  CONDITIONS&#xA;Oct 25 08:38:32.215: INFO: inception-deployment-564d9d4549-mzgpl                   k8s-kubeadm-node1  Running           [{Initialized True 0001-01-01 00:00:00 +0000 UTC 2017-10-24 07:53:18 +0000 UTC  } {Ready True 0001-01-01 00:00:00 +0000 UTC 2017-10-24 07:53:31 +0000 UTC  } {PodScheduled True 0001-01-01 00:00:00 +0000 UTC 2017-10-24 07:53:18 +0000 UTC  }]&#xA;Oct 25 08:38:32.216: INFO: inception-deployment-564d9d4549-r4x4p                   k8s-kubeadm-node1  Running           [{Initialized True 0001-01-01 00:00:00 +0000 UTC 2017-10-24 07:53:18 +0000 UTC  } {Ready True 0001-01-01 00:00:00 +0000 UTC 2017-10-24 07:53:28 +0000 UTC  } {PodScheduled True 0001-01-01 00:00:00 +0000 UTC 2017-10-24 07:53:18 +0000 UTC  }]&#xA;Oct 25 08:38:32.216: INFO: inception-deployment-564d9d4549-wcpvz                   k8s-kubeadm-node1  Running           [{Initialized True 0001-01-01 00:00:00 +0000 UTC 2017-10-24 07:53:18 +0000 UTC  } {Ready True 0001-01-01 00:00:00 +0000 UTC 2017-10-24 07:53:26 +0000 UTC  } {PodScheduled True 0001-01-01 00:00:00 +0000 UTC 2017-10-24 07:53:18 +0000 UTC  }]&#xA;Oct 25 08:38:32.216: INFO: client-containers-f513c2b8-b92f-11e7-af50-0a580af40014  k8s-kubeadm-node1  Succeeded         [{Initialized True 0001-01-01 00:00:00 +0000 UTC 2017-10-25 02:55:28 +0000 UTC PodCompleted } {Ready False 0001-01-01 00:00:00 +0000 UTC 2017-10-25 02:55:28 +0000 UTC PodCompleted } {PodScheduled True 0001-01-01 00:00:00 +0000 UTC 2017-10-25 02:55:28 +0000 UTC  }]&#xA;Oct 25 08:38:32.216: INFO: etcd-k8s-kubeadm-node1                                  k8s-kubeadm-node1  Running           [{Initialized True 0001-01-01 00:00:00 +0000 UTC 2017-10-24 03:13:11 +0000 UTC  } {Ready True 0001-01-01 00:00:00 +0000 UTC 2017-10-24 03:13:44 +0000 UTC  } {PodScheduled True 0001-01-01 00:00:00 +0000 UTC 2017-10-24 03:13:11 +0000 UTC  }]&#xA;Oct 25 08:38:32.216: INFO: kube-apiserver-k8s-kubeadm-node1                        k8s-kubeadm-node1  Running           [{Initialized True 0001-01-01 00:00:00 +0000 UTC 2017-10-24 03:13:11 +0000 UTC  } {Ready True 0001-01-01 00:00:00 +0000 UTC 2017-10-24 03:13:36 +0000 UTC  } {PodScheduled True 0001-01-01 00:00:00 +0000 UTC 2017-10-24 03:13:11 +0000 UTC  }]&#xA;Oct 25 08:38:32.216: INFO: kube-controller-manager-k8s-kubeadm-node1               k8s-kubeadm-node1  Running           [{Initialized True 0001-01-01 00:00:00 +0000 UTC 2017-10-24 03:13:11 +0000 UTC  } {Ready True 0001-01-01 00:00:00 +0000 UTC 2017-10-24 03:13:26 +0000 UTC  } {PodScheduled True 0001-01-01 00:00:00 +0000 UTC 2017-10-24 03:13:11 +0000 UTC  }]&#xA;Oct 25 08:38:32.216: INFO: kube-dns-545bc4bfd4-zhr2v                               k8s-kubeadm-node1  Running           [{Initialized True 0001-01-01 00:00:00 +0000 UTC 2017-10-24 03:16:11 +0000 UTC  } {Ready True 0001-01-01 00:00:00 +0000 UTC 2017-10-24 03:16:29 +0000 UTC  } {PodScheduled True 0001-01-01 00:00:00 +0000 UTC 2017-10-24 03:16:11 +0000 UTC  }]&#xA;Oct 25 08:38:32.216: INFO: kube-flannel-ds-mbc95                                   k8s-kubeadm-node1  Running           [{Initialized True 0001-01-01 00:00:00 +0000 UTC 2017-10-24 03:15:34 +0000 UTC  } {Ready True 0001-01-01 00:00:00 +0000 UTC 2017-10-24 03:15:51 +0000 UTC  } {PodScheduled True 0001-01-01 00:00:00 +0000 UTC 2017-10-24 03:15:51 +0000 UTC  }]&#xA;Oct 25 08:38:32.216: INFO: kube-proxy-qqx27                                        k8s-kubeadm-node1  Running           [{Initialized True 0001-01-01 00:00:00 +0000 UTC 2017-10-24 03:14:08 +0000 UTC  } {Ready True 0001-01-01 00:00:00 +0000 UTC 2017-10-24 03:14:16 +0000 UTC  } {PodScheduled True 0001-01-01 00:00:00 +0000 UTC 2017-10-24 03:14:16 +0000 UTC  }]&#xA;Oct 25 08:38:32.216: INFO: kube-scheduler-k8s-kubeadm-node1                        k8s-kubeadm-node1  Running           [{Initialized True 0001-01-01 00:00:00 +0000 UTC 2017-10-24 03:13:11 +0000 UTC  } {Ready True 0001-01-01 00:00:00 +0000 UTC 2017-10-24 03:13:21 +0000 UTC  } {PodScheduled True 0001-01-01 00:00:00 +0000 UTC 2017-10-24 03:13:11 +0000 UTC  }]&#xA;Oct 25 08:38:32.216: INFO: sonobuoy                                                k8s-kubeadm-node1  Running           [{Initialized True 0001-01-01 00:00:00 +0000 UTC 2017-10-25 08:16:40 +0000 UTC  } {Ready True 0001-01-01 00:00:00 +0000 UTC 2017-10-25 08:16:43 +0000 UTC  } {PodScheduled True 0001-01-01 00:00:00 +0000 UTC 2017-10-25 08:16:40 +0000 UTC  }]&#xA;Oct 25 08:38:32.216: INFO: sonobuoy-e2e-job-0b90b65693d24936                       k8s-kubeadm-node1  Running           [{Initialized True 0001-01-01 00:00:00 +0000 UTC 2017-10-25 08:16:43 +0000 UTC  } {Ready True 0001-01-01 00:00:00 +0000 UTC 2017-10-25 08:16:48 +0000 UTC  } {PodScheduled True 0001-01-01 00:00:00 +0000 UTC 2017-10-25 08:16:43 +0000 UTC  }]&#xA;Oct 25 08:38:32.216: INFO: &#xA;Oct 25 08:38:32.230: INFO: &#xA;Logging node info for node k8s-kubeadm-node1&#xA;Oct 25 08:38:32.232: INFO: Node Info: &amp;Node{ObjectMeta:k8s_io_apimachinery_pkg_apis_meta_v1.ObjectMeta{Name:k8s-kubeadm-node1,GenerateName:,Namespace:,SelfLink:/api/v1/nodes/k8s-kubeadm-node1,UID:5bded93b-b869-11e7-b126-fa163ec2c1f1,ResourceVersion:122218,Generation:0,CreationTimestamp:2017-10-24 03:13:51 +0000 UTC,DeletionTimestamp:&lt;nil&gt;,DeletionGracePeriodSeconds:nil,Labels:map[string]string{beta.kubernetes.io/arch: amd64,beta.kubernetes.io/os: linux,kubernetes.io/hostname: k8s-kubeadm-node1,node-role.kubernetes.io/master: ,},Annotations:map[string]string{flannel.alpha.coreos.com/backend-data: {&#34;VtepMAC&#34;:&#34;3a:d6:4c:60:ec:d8&#34;},flannel.alpha.coreos.com/backend-type: vxlan,flannel.alpha.coreos.com/kube-subnet-manager: true,flannel.alpha.coreos.com/public-ip: 192.168.202.22,node.alpha.kubernetes.io/ttl: 0,volumes.kubernetes.io/controller-managed-attach-detach: true,},OwnerReferences:[],Finalizers:[],ClusterName:,Initializers:nil,},Spec:NodeSpec{PodCIDR:10.244.0.0/24,ExternalID:k8s-kubeadm-node1,ProviderID:,Unschedulable:false,Taints:[],},Status:NodeStatus{Capacity:ResourceList{cpu: {{2 0} {&lt;nil&gt;} 2 DecimalSI},memory: {{4143583232 0} {&lt;nil&gt;} 4046468Ki BinarySI},pods: {{110 0} {&lt;nil&gt;} 110 DecimalSI},},Allocatable:ResourceList{cpu: {{2 0} {&lt;nil&gt;} 2 DecimalSI},memory: {{4038725632 0} {&lt;nil&gt;} 3944068Ki BinarySI},pods: {{110 0} {&lt;nil&gt;} 110 DecimalSI},},Phase:,Conditions:[{OutOfDisk False 2017-10-25 08:38:28 +0000 UTC 2017-10-24 03:13:47 +0000 UTC KubeletHasSufficientDisk kubelet has sufficient disk space available} {MemoryPressure False 2017-10-25 08:38:28 +0000 UTC 2017-10-24 03:13:47 +0000 UTC KubeletHasSufficientMemory kubelet has sufficient memory available} {DiskPressure False 2017-10-25 08:38:28 +0000 UTC 2017-10-24 03:13:47 +0000 UTC KubeletHasNoDiskPressure kubelet has no disk pressure} {Ready True 2017-10-25 08:38:28 +0000 UTC 2017-10-25 02:12:54 +0000 UTC KubeletReady kubelet is posting ready status. AppArmor enabled}],Addresses:[{InternalIP 192.168.202.22} {Hostname k8s-kubeadm-node1}],DaemonEndpoints:NodeDaemonEndpoints{KubeletEndpoint:DaemonEndpoint{Port:10250,},},NodeInfo:NodeSystemInfo{MachineID:538467895461d07ffe852ab859423618,SystemUUID:9C8349D9-E832-4FA7-82D6-8330DFEA0A23,BootID:69f7dc77-5c04-4619-9194-58ee2759767a,KernelVersion:4.4.0-62-generic,OSImage:Ubuntu 16.04.2 LTS,ContainerRuntimeVersion:docker://Unknown,KubeletVersion:v1.8.0,KubeProxyVersion:v1.8.0,OperatingSystem:linux,Architecture:amd64,},Images:[{[jimlintw/inception_serving@sha256:0027c60e7e077c77fca9c82dc85c8260ea66dd622e82e96ed60498f39e10386f jimlintw/inception_serving:latest] 4582827287} {[gcr.io/tensorflow-serving/inception@sha256:b60c79ea19c64731bc70304fa326691fe05733d535b2f55db93171fc785427f7 gcr.io/tensorflow-serving/inception:latest] 4325735944} {[gcr.io/heptio-images/kube-conformance@sha256:6f7e71f413e0a27f5d3af4eafe59e08a8f85308d620d839e31557c978bbe6f81 gcr.io/heptio-images/kube-conformance:v1.7.3] 505001769} {[gcr.io/heptio-images/sonobuoy@sha256:1132c9365edbea54aa574880cd2511c09e0f0b4476cbfe0e09e8ca8e536f6f17 gcr.io/heptio-images/sonobuoy:latest] 326280959} {[gcr.io/google_containers/kube-apiserver-amd64@sha256:e1f4066f2f8e0cf975d8427842d95c86fd872c239e9ed2534f83121ebdce10a1 gcr.io/google_containers/kube-apiserver-amd64:v1.8.1] 194040691} {[gcr.io/google_containers/jessie-dnsutils@sha256:2460d596912244b5f8973573f7150e7264b570015f4becc2d0096f0bd1d17e36 gcr.io/google_containers/jessie-dnsutils:e2e] 190148402} {[gcr.io/google_containers/etcd-amd64@sha256:d83d3545e06fb035db8512e33bd44afb55dea007a3abd7b17742d3ac6d235940 gcr.io/google_containers/etcd-amd64:3.0.17] 168935516} {[gcr.io/google_containers/kube-controller-manager-amd64@sha256:d9a1ab41ba39939511077ce2da44774daafaaecc6460a62358c6e0428831b7d2 gcr.io/google_containers/kube-controller-manager-amd64:v1.8.1] 129216678} {[ubuntu@sha256:506e2d5852de1d7c90d538c5332bd3cc33b9cbd26f6ca653875899c505c82687 ubuntu:16.04] 122028764} {[gcr.io/google_containers/kube-proxy-amd64@sha256:58fd496116bf3d2790279f9c44040bdfa71791aba7a7a1b5ca35025b5a032b9f gcr.io/google_containers/kube-proxy-amd64:v1.8.1] 93139412} {[gcr.io/google_containers/nginx-slim@sha256:dd4efd4c13bec2c6f3fe855deeab9524efe434505568421d4f31820485b3a795 gcr.io/google_containers/nginx-slim:0.7] 86864428} {[gcr.io/google_containers/kube-scheduler-amd64@sha256:fbb29b579b8f20075073987023caa146783d85eac66808c0860f99187fc02454 gcr.io/google_containers/kube-scheduler-amd64:v1.8.1] 54884010} {[quay.io/coreos/flannel@sha256:a8116d095a1a2c4e5a47d5fea20ef82bd556bafe15bb2e6aa2c79f8f22f9586f quay.io/coreos/flannel:v0.8.0-amd64] 50732259} {[gcr.io/google_containers/k8s-dns-kube-dns-amd64@sha256:1a3fc069de481ae690188f6f1ba4664b5cc7760af37120f70c86505c79eea61d gcr.io/google_containers/k8s-dns-kube-dns-amd64:1.14.5] 49387411} {[gcr.io/google_containers/k8s-dns-sidecar-amd64@sha256:9aab42bf6a2a068b797fe7d91a5d8d915b10dbbc3d6f2b10492848debfba6044 gcr.io/google_containers/k8s-dns-sidecar-amd64:1.14.5] 41819177} {[gcr.io/google_containers/k8s-dns-dnsmasq-nanny-amd64@sha256:46b933bb70270c8a02fa6b6f87d440f6f1fce1a5a2a719e164f83f7b109f7544 gcr.io/google_containers/k8s-dns-dnsmasq-nanny-amd64:1.14.5] 41423617} {[gcr.io/google_containers/nettest@sha256:8af3a0e8b8ab906b0648dd575e8785e04c19113531f8ffbaab9e149aa1a60763 gcr.io/google_containers/nettest:1.7] 24051275} {[gcr.io/google_containers/hostexec@sha256:cab8d4e2526f8f767c64febe4ce9e0f0e58cd35fdff81b3aadba4dd041ba9f00 gcr.io/google_containers/hostexec:1.2] 13209617} {[gcr.io/google_containers/dnsutils@sha256:cd9182f6d74e616942db1cef6f25e1e54b49ba0330c2e19d3ec061f027666cc0 gcr.io/google_containers/dnsutils:e2e] 8897789} {[gcr.io/google_containers/netexec@sha256:56c53846f44ea214e4aa5df37c9c50331f0b09e64a32cc7cf17c7e1808d38eef gcr.io/google_containers/netexec:1.7] 8016035} {[gcr.io/google_containers/serve_hostname@sha256:a49737ee84a3b94f0b977f32e60c5daf11f0b5636f1f7503a2981524f351c57a gcr.io/google_containers/serve_hostname:v1.4] 6222101} {[gcr.io/google_containers/test-webserver@sha256:f804e8837490d1dfdb5002e073f715fd0a08115de74e5a4847ca952315739372 gcr.io/google_containers/test-webserver:e2e] 4534272} {[gcr.io/google_containers/porter@sha256:e957fd700f36385f469a56bb668d2321a9e1c30f39b08473387cb93ac8b6d2ac gcr.io/google_containers/porter:4524579c0eb935c056c8e75563b4e1eda31587e0] 4413212} {[gcr.io/google_containers/liveness@sha256:90994881062c7de7bb1761f2f3d020fe9aa3d332a90e00ebd3ca9dcc1ed74f1c gcr.io/google_containers/liveness:e2e] 4387474} {[gcr.io/google_containers/eptest@sha256:bb088b26ed78613cce171420168db9a6c62a8dbea17d7be13077e7010bae162f gcr.io/google_containers/eptest:0.1] 2970692} {[gcr.io/google_containers/mounttest@sha256:c4dcedb26013ab4231a2b2aaa4eebd5c2a44d5c597fa0613c9ff8bde4fb9fe02 gcr.io/google_containers/mounttest:0.7] 2052704} {[gcr.io/google_containers/mounttest-user@sha256:5487c126b03abf4119a8f7950cd5f591f72dbe4ab15623f3387d3917e1268b4e gcr.io/google_containers/mounttest-user:0.5] 1450761} {[gcr.io/google_containers/mounttest@sha256:bec3122ddcf8bd999e44e46e096659f31241d09f5236bc3dc212ea584ca06856 gcr.io/google_containers/mounttest:0.8] 1450761} {[gcr.io/google_containers/busybox@sha256:4bdd623e848417d96127e16037743f0cd8b528c026e9175e22a84f639eca58ff gcr.io/google_containers/busybox:1.24] 1113554} {[gcr.io/google_containers/pause-amd64@sha256:163ac025575b775d1c0f9bf0bdd0f086883171eb475b5068e7defa4ca9e76516 gcr.io/google_containers/pause-amd64:3.0] 746888}],VolumesInUse:[],VolumesAttached:[],},}&#xA;Oct 25 08:38:32.232: INFO: &#xA;Logging kubelet events for node k8s-kubeadm-node1&#xA;Oct 25 08:38:32.248: INFO: &#xA;Logging pods the kubelet thinks is on node k8s-kubeadm-node1&#xA;Oct 25 08:38:32.258: INFO: kube-scheduler-k8s-kubeadm-node1 started at &lt;nil&gt; (0+0 container statuses recorded)&#xA;Oct 25 08:38:32.258: INFO: inception-deployment-564d9d4549-wcpvz started at 2017-10-24 07:53:18 +0000 UTC (0+1 container statuses recorded)&#xA;Oct 25 08:38:32.258: INFO: &#x9;Container inception-container ready: true, restart count 0&#xA;Oct 25 08:38:32.258: INFO: sonobuoy-e2e-job-0b90b65693d24936 started at 2017-10-25 08:16:43 +0000 UTC (0+2 container statuses recorded)&#xA;Oct 25 08:38:32.258: INFO: &#x9;Container e2e ready: true, restart count 0&#xA;Oct 25 08:38:32.258: INFO: &#x9;Container sonobuoy-worker ready: true, restart count 0&#xA;Oct 25 08:38:32.258: INFO: kube-apiserver-k8s-kubeadm-node1 started at &lt;nil&gt; (0+0 container statuses recorded)&#xA;Oct 25 08:38:32.258: INFO: client-containers-f513c2b8-b92f-11e7-af50-0a580af40014 started at 2017-10-25 02:55:28 +0000 UTC (0+1 container statuses recorded)&#xA;Oct 25 08:38:32.258: INFO: &#x9;Container test-container ready: false, restart count 0&#xA;Oct 25 08:38:32.258: INFO: inception-deployment-564d9d4549-r4x4p started at 2017-10-24 07:53:18 +0000 UTC (0+1 container statuses recorded)&#xA;Oct 25 08:38:32.258: INFO: &#x9;Container inception-container ready: true, restart count 0&#xA;Oct 25 08:38:32.258: INFO: sonobuoy started at 2017-10-25 08:16:40 +0000 UTC (0+1 container statuses recorded)&#xA;Oct 25 08:38:32.258: INFO: &#x9;Container kube-sonobuoy ready: true, restart count 0&#xA;Oct 25 08:38:32.258: INFO: etcd-k8s-kubeadm-node1 started at &lt;nil&gt; (0+0 container statuses recorded)&#xA;Oct 25 08:38:32.258: INFO: kube-dns-545bc4bfd4-zhr2v started at 2017-10-24 03:16:11 +0000 UTC (0+3 container statuses recorded)&#xA;Oct 25 08:38:32.258: INFO: &#x9;Container dnsmasq ready: true, restart count 0&#xA;Oct 25 08:38:32.258: INFO: &#x9;Container kubedns ready: true, restart count 0&#xA;Oct 25 08:38:32.258: INFO: &#x9;Container sidecar ready: true, restart count 0&#xA;Oct 25 08:38:32.258: INFO: kube-flannel-ds-mbc95 started at 2017-10-24 03:15:34 +0000 UTC (0+2 container statuses recorded)&#xA;Oct 25 08:38:32.258: INFO: &#x9;Container install-cni ready: true, restart count 0&#xA;Oct 25 08:38:32.258: INFO: &#x9;Container kube-flannel ready: true, restart count 0&#xA;Oct 25 08:38:32.258: INFO: inception-deployment-564d9d4549-mzgpl started at 2017-10-24 07:53:18 +0000 UTC (0+1 container statuses recorded)&#xA;Oct 25 08:38:32.258: INFO: &#x9;Container inception-container ready: true, restart count 0&#xA;Oct 25 08:38:32.258: INFO: kube-controller-manager-k8s-kubeadm-node1 started at &lt;nil&gt; (0+0 container statuses recorded)&#xA;Oct 25 08:38:32.258: INFO: kube-proxy-qqx27 started at 2017-10-24 03:14:08 +0000 UTC (0+1 container statuses recorded)&#xA;Oct 25 08:38:32.258: INFO: &#x9;Container kube-proxy ready: true, restart count 0&#xA;Oct 25 08:38:32.290: INFO: &#xA;Latency metrics for node k8s-kubeadm-node1&#xA;STEP: Dumping a list of prepulled images on each node to file /tmp/results/image-puller.txt&#xA;Oct 25 08:38:32.326: INFO: Waiting up to 3m0s for all (but 0) nodes to be ready&#xA;STEP: Destroying namespace &#34;e2e-tests-sched-pred-bhzwn&#34; for this suite.&#xA;Oct 25 08:38:38.861: INFO: namespace: e2e-tests-sched-pred-bhzwn, resource: bindings, ignored listing per whitelist&#xA;Oct 25 08:38:38.983: INFO: namespace e2e-tests-sched-pred-bhzwn deletion completed in 6.653440023s&#xA;[AfterEach] [k8s.io] SchedulerPredicates [Serial]&#xA;  /go/src/k8s.io/kubernetes/_output/dockerized/go/src/k8s.io/kubernetes/test/e2e/scheduling/predicates.go:73&#xA;</system-out>
      </testcase>
      <testcase name="[k8s.io] Networking [k8s.io] Granular Checks: Pods should function for intra-pod communication: http [Conformance]" classname="Kubernetes e2e suite" time="50.861701517"></testcase>
      <testcase name="[k8s.io] Projected should be consumable from pods in volume [Conformance] [Volume]" classname="Kubernetes e2e suite" time="12.884860473"></testcase>
      <testcase name="[k8s.io] DaemonRestart [Disruptive] Scheduler should continue assigning pods to nodes across restart" classname="Kubernetes e2e suite" time="0">
          <skipped></skipped>
      </testcase>
      <testcase name="[k8s.io] EmptyDir volumes when FSGroup is specified [Feature:FSGroup] new files should be created with FSGroup ownership when container is non-root [Volume]" classname="Kubernetes e2e suite" time="0">
          <skipped></skipped>
      </testcase>
      <testcase name="[k8s.io] StatefulSet [k8s.io] Deploy clustered applications [Feature:StatefulSet] [Slow] should creating a working CockroachDB cluster" classname="Kubernetes e2e suite" time="0">
          <skipped></skipped>
      </testcase>
      <testcase name="[k8s.io] Volumes [Volume] [k8s.io] Ceph RBD [Feature:Volumes] should be mountable" classname="Kubernetes e2e suite" time="0">
          <skipped></skipped>
      </testcase>
      <testcase name="[k8s.io] Volume Disk Format [Volumes] verify disk format type - thin is honored for dynamically provisioned pv using storageclass" classname="Kubernetes e2e suite" time="0">
          <skipped></skipped>
      </testcase>
      <testcase name="[k8s.io] Downward API should provide pod name and namespace as env vars [Conformance]" classname="Kubernetes e2e suite" time="10.742544882"></testcase>
      <testcase name="[k8s.io] SchedulerPredicates [Serial] validates that InterPodAffinity is respected if matching" classname="Kubernetes e2e suite" time="0">
          <skipped></skipped>
      </testcase>
      <testcase name="[k8s.io] ServiceLoadBalancer [Feature:ServiceLoadBalancer] should support simple GET on Ingress ips" classname="Kubernetes e2e suite" time="0">
          <skipped></skipped>
      </testcase>
      <testcase name="[k8s.io] Pods Extended [k8s.io] Pods Set QOS Class should be submitted and removed [Conformance]" classname="Kubernetes e2e suite" time="42.662235955"></testcase>
      <testcase name="[k8s.io] Federated Services [Feature:Federation] with clusters Federated Service should be deleted from underlying clusters when OrphanDependents is false" classname="Kubernetes e2e suite" time="0">
          <skipped></skipped>
      </testcase>
      <testcase name="[k8s.io] PersistentVolumes [k8s.io] PersistentVolumes:NFS with multiple PVs and PVCs all in same ns should create 4 PVs and 2 PVCs: test write access [Slow]" classname="Kubernetes e2e suite" time="0">
          <skipped></skipped>
      </testcase>
      <testcase name="[k8s.io] Garbage collector should orphan pods created by rc if deleteOptions.OrphanDependents is nil" classname="Kubernetes e2e suite" time="0">
          <skipped></skipped>
      </testcase>
      <testcase name="[k8s.io] Kubectl client [k8s.io] Kubectl run pod should create a pod from an image when restart is Never [Conformance]" classname="Kubernetes e2e suite" time="0">
          <skipped></skipped>
      </testcase>
      <testcase name="[k8s.io] Services should work after restarting kube-proxy [Disruptive]" classname="Kubernetes e2e suite" time="0">
          <skipped></skipped>
      </testcase>
      <testcase name="[k8s.io] Opaque resources [Feature:OpaqueResources] should account opaque integer resources in pods with multiple containers." classname="Kubernetes e2e suite" time="0">
          <skipped></skipped>
      </testcase>
      <testcase name="[k8s.io] Kubectl client [k8s.io] Proxy server should support proxy with --port 0 [Conformance]" classname="Kubernetes e2e suite" time="0">
          <skipped></skipped>
      </testcase>
      <testcase name="[k8s.io] Deployment deployment reaping should cascade to its replica sets and pods" classname="Kubernetes e2e suite" time="0">
          <skipped></skipped>
      </testcase>
      <testcase name="[k8s.io] EmptyDir volumes should support (root,0644,default) [Conformance] [Volume]" classname="Kubernetes e2e suite" time="12.816977069"></testcase>
      <testcase name="[k8s.io] Downward API volume should provide container&#39;s memory limit [Conformance] [Volume]" classname="Kubernetes e2e suite" time="12.682581048"></testcase>
      <testcase name="[k8s.io] Proxy version v1 should proxy through a service and a pod [Conformance]" classname="Kubernetes e2e suite" time="33.227732275"></testcase>
      <testcase name="[k8s.io] Federation deployments [Feature:Federation] Federated Deployment should not be deleted from underlying clusters when OrphanDependents is true" classname="Kubernetes e2e suite" time="0">
          <skipped></skipped>
      </testcase>
      <testcase name="[k8s.io] DaemonRestart [Disruptive] Kubelet should not restart containers across restart" classname="Kubernetes e2e suite" time="0">
          <skipped></skipped>
      </testcase>
      <testcase name="[k8s.io] Projected should be consumable from pods in volume with mappings as non-root [Conformance] [Volume]" classname="Kubernetes e2e suite" time="12.859719546000001"></testcase>
      <testcase name="[k8s.io] Sysctls should not launch unsafe, but not explicitly enabled sysctls on the node" classname="Kubernetes e2e suite" time="0">
          <skipped></skipped>
      </testcase>
      <testcase name="[k8s.io] Federated ReplicaSet [Feature:Federation] Features CRUD should create and update matching replicasets in underlying clusters" classname="Kubernetes e2e suite" time="0">
          <skipped></skipped>
      </testcase>
      <testcase name="[k8s.io] Daemon set [Serial] should retry creating failed daemon pods" classname="Kubernetes e2e suite" time="0">
          <skipped></skipped>
      </testcase>
      <testcase name="[k8s.io] Deployment RollingUpdateDeployment should delete old pods and create new ones" classname="Kubernetes e2e suite" time="0">
          <skipped></skipped>
      </testcase>
      <testcase name="[k8s.io] Downward API should provide container&#39;s limits.cpu/memory and requests.cpu/memory as env vars [Conformance]" classname="Kubernetes e2e suite" time="12.711242328"></testcase>
      <testcase name="[k8s.io] Federated ReplicaSet [Feature:Federation] Features CRUD should not be deleted from underlying clusters when OrphanDependents is true" classname="Kubernetes e2e suite" time="0">
          <skipped></skipped>
      </testcase>
      <testcase name="[k8s.io] Pod Disks should schedule a pod w/ a RW PD shared between multiple containers, write to PD, delete pod, verify contents, and repeat in rapid succession [Slow] [Volume]" classname="Kubernetes e2e suite" time="0">
          <skipped></skipped>
      </testcase>
      <testcase name="[k8s.io] Volume Placement [Volume] should create and delete pod with multiple volumes from same datastore" classname="Kubernetes e2e suite" time="0">
          <skipped></skipped>
      </testcase>
      <testcase name="[k8s.io] Projected should be able to mount in a volume regardless of a different secret existing with same name in different namespace [Volume]" classname="Kubernetes e2e suite" time="0">
          <skipped></skipped>
[...]
      <testcase name="[k8s.io] Servers with support for Table transformation should return a 406 for a backend which does not implement metadata" classname="Kubernetes e2e suite" time="0">
          <skipped></skipped>
      </testcase>
      <testcase name="[k8s.io] Kubectl client [k8s.io] Kubectl api-versions should check if v1 is in available api versions [Conformance]" classname="Kubernetes e2e suite" time="0">
          <skipped></skipped>
      </testcase>
      <testcase name="[k8s.io] MetricsGrabber should grab all metrics from a ControllerManager." classname="Kubernetes e2e suite" time="0">
          <skipped></skipped>
      </testcase>
      <testcase name="[k8s.io] Pod Disks Should schedule a pod w/ a RW PD, gracefully remove it, then schedule it on another host [Slow] [Volume]" classname="Kubernetes e2e suite" time="0">
          <skipped></skipped>
      </testcase>
      <testcase name="[k8s.io] PersistentVolumes [Volume][Disruptive][Flaky] when kubelet restarts Should test that a file written to the mount before kubelet restart is readable after restart." classname="Kubernetes e2e suite" time="0">
          <skipped></skipped>
      </testcase>
      <testcase name="[k8s.io] ESIPP [Slow] should handle updates to ExternalTrafficPolicy field" classname="Kubernetes e2e suite" time="0">
          <skipped></skipped>
      </testcase>
      <testcase name="[k8s.io] Deployment lack of progress should be reported in the deployment status" classname="Kubernetes e2e suite" time="0">
          <skipped></skipped>
      </testcase>
      <testcase name="[k8s.io] Kubectl client [k8s.io] Simple pod should support exec" classname="Kubernetes e2e suite" time="0">
          <skipped></skipped>
      </testcase>
      <testcase name="[k8s.io] Security Context [Feature:SecurityContext] should support seccomp alpha docker/default annotation [Feature:Seccomp]" classname="Kubernetes e2e suite" time="0">
          <skipped></skipped>
      </testcase>
      <testcase name="[k8s.io] [Feature:Federation] Federation API server authentication [NoCluster] should not accept cluster resources when the client has invalid HTTP Basic authentication credentials" classname="Kubernetes e2e suite" time="0">
          <skipped></skipped>
      </testcase>
      <testcase name="[k8s.io] vSphere Storage policy support for dynamic provisioning [Volume] verify VSAN storage capability with valid objectSpaceReservation and iopsLimit values is honored for dynamically provisioned pvc using storageclass" classname="Kubernetes e2e suite" time="0">
          <skipped></skipped>
      </testcase>
      <testcase name="[k8s.io] Restart [Disruptive] should restart all nodes and ensure all nodes and pods recover" classname="Kubernetes e2e suite" time="0">
          <skipped></skipped>
      </testcase>
      <testcase name="[k8s.io] Daemon set [Serial] should run and stop complex daemon" classname="Kubernetes e2e suite" time="0">
          <skipped></skipped>
      </testcase>
      <testcase name="[k8s.io] SchedulerPredicates [Serial] validates that a pod with an invalid NodeAffinity is rejected" classname="Kubernetes e2e suite" time="0">
          <skipped></skipped>
      </testcase>
      <testcase name="[k8s.io] Deployment deployment can avoid hash collisions" classname="Kubernetes e2e suite" time="0">
          <skipped></skipped>
      </testcase>
      <testcase name="[k8s.io] Cluster size autoscaling [Slow] should correctly scale down after a node is not needed when there is non autoscaled pool[Feature:ClusterSizeAutoscalingScaleDown]" classname="Kubernetes e2e suite" time="0">
          <skipped></skipped>
      </testcase>
      <testcase name="[k8s.io] Cluster size autoscaling [Slow] should correctly scale down after a node is not needed and one node is broken [Feature:ClusterSizeAutoscalingScaleDown]" classname="Kubernetes e2e suite" time="0">
          <skipped></skipped>
      </testcase>
      <testcase name="[k8s.io] Downward API volume should provide podname as non-root with fsgroup [Feature:FSGroup] [Volume]" classname="Kubernetes e2e suite" time="0">
          <skipped></skipped>
      </testcase>
      <testcase name="[k8s.io] vSphere Storage policy support for dynamic provisioning [Volume] verify an existing and compatible SPBM policy is honored for dynamically provisioned pvc using storageclass" classname="Kubernetes e2e suite" time="0">
          <skipped></skipped>
      </testcase>
      <testcase name="[k8s.io] Load capacity [Feature:ManualPerformance] should be able to handle 30 pods per node {extensions Deployment} with 2 secrets, 0 configmaps and 0 daemons" classname="Kubernetes e2e suite" time="0">
          <skipped></skipped>
      </testcase>
      <testcase name="[k8s.io] Volumes [Volume] [k8s.io] iSCSI [Feature:Volumes] should be mountable" classname="Kubernetes e2e suite" time="0">
          <skipped></skipped>
      </testcase>
      <testcase name="[k8s.io] HostPath should support existing single file subPath [Volume]" classname="Kubernetes e2e suite" time="0">
          <skipped></skipped>
      </testcase>
      <testcase name="[k8s.io] Projected should be consumable from pods in volume as non-root with defaultMode and fsGroup set [Feature:FSGroup] [Volume]" classname="Kubernetes e2e suite" time="0">
          <skipped></skipped>
      </testcase>
      <testcase name="[k8s.io] Federated ingresses [Feature:Federation] Federated Ingresses [Slow] should be deleted from underlying clusters when OrphanDependents is false" classname="Kubernetes e2e suite" time="0">
          <skipped></skipped>
      </testcase>
      <testcase name="[k8s.io] ConfigMap should be consumable from pods in volume with defaultMode set [Conformance] [Volume]" classname="Kubernetes e2e suite" time="10.614188793"></testcase>
      <testcase name="[k8s.io] [Feature:ClusterSizeAutoscalingScaleUp] [Slow] Autoscaling [k8s.io] Autoscaling a service from 1 pod and 3 nodes to 8 pods and &gt;=4 nodes takes less than 15 minutes" classname="Kubernetes e2e suite" time="0">
          <skipped></skipped>
      </testcase>
      <testcase name="[k8s.io] ServiceAccounts should ensure a single API token exists" classname="Kubernetes e2e suite" time="0">
          <skipped></skipped>
      </testcase>
      <testcase name="[k8s.io] Projected should be consumable in multiple volumes in the same pod [Conformance] [Volume]" classname="Kubernetes e2e suite" time="13.572151479"></testcase>
      <testcase name="[k8s.io] Volumes [Volume] [k8s.io] ConfigMap should be mountable" classname="Kubernetes e2e suite" time="0">
          <skipped></skipped>
      </testcase>
      <testcase name="[k8s.io] HA-master [Feature:HAMaster] survive addition/removal replicas different zones [Serial][Disruptive]" classname="Kubernetes e2e suite" time="0">
          <skipped></skipped>
      </testcase>
      <testcase name="[k8s.io] Kubectl client [k8s.io] Proxy server should support --unix-socket=/path [Conformance]" classname="Kubernetes e2e suite" time="0">
          <skipped></skipped>
      </testcase>
      <testcase name="[k8s.io] PodPreset should not modify the pod on conflict" classname="Kubernetes e2e suite" time="0">
          <skipped></skipped>
      </testcase>
      <testcase name="[k8s.io] EmptyDir volumes when FSGroup is specified [Feature:FSGroup] nonexistent volume subPath should have the correct mode and owner using FSGroup [Volume]" classname="Kubernetes e2e suite" time="0">
          <skipped></skipped>
      </testcase>
      <testcase name="[k8s.io] Cluster size autoscaling [Slow] should increase cluster size if pending pods are small and there is another node pool that is not autoscaled [Feature:ClusterSizeAutoscalingScaleUp]" classname="Kubernetes e2e suite" time="0">
          <skipped></skipped>
      </testcase>
      <testcase name="[k8s.io] Kubectl client [k8s.io] Kubectl create quota should create a quota without scopes" classname="Kubernetes e2e suite" time="0">
          <skipped></skipped>
      </testcase>
      <testcase name="[k8s.io] Services should use same NodePort with same port but different protocols" classname="Kubernetes e2e suite" time="0">
          <skipped></skipped>
      </testcase>
      <testcase name="[k8s.io] Namespaces [Serial] should ensure that all pods are removed when a namespace is deleted." classname="Kubernetes e2e suite" time="0">
          <skipped></skipped>
      </testcase>
      <testcase name="[k8s.io] [Feature:Example] [k8s.io] Hazelcast should create and scale hazelcast" classname="Kubernetes e2e suite" time="0">
          <skipped></skipped>
      </testcase>
      <testcase name="[k8s.io] Projected should be consumable from pods in volume [Conformance] [Volume]" classname="Kubernetes e2e suite" time="12.795683069"></testcase>
      <testcase name="[k8s.io] Projected should provide podname as non-root with fsgroup and defaultMode [Feature:FSGroup] [Volume]" classname="Kubernetes e2e suite" time="0">
          <skipped></skipped>
      </testcase>
      <testcase name="[k8s.io] SchedulerPredicates [Serial] validates that InterPod Affinity and AntiAffinity is respected if matching" classname="Kubernetes e2e suite" time="0">
          <skipped></skipped>
      </testcase>
      <testcase name="[k8s.io] [Volume] PersistentVolumes-local [Feature:LocalPersistentVolumes] [Serial] when one pod requests one prebound PVC should be able to mount and read from the volume" classname="Kubernetes e2e suite" time="0">
          <skipped></skipped>
      </testcase>
      <testcase name="[k8s.io] DNS configMap nameserver should be able to change stubDomain configuration [Slow][Serial]" classname="Kubernetes e2e suite" time="0">
          <skipped></skipped>
      </testcase>
      <testcase name="[k8s.io] Upgrade [Feature:Upgrade] [k8s.io] Federation Control Plane upgrade should maintain a functioning federation [Feature:FCPUpgrade]" classname="Kubernetes e2e suite" time="0">
          <skipped></skipped>
      </testcase>
      <testcase name="[k8s.io] StatefulSet [k8s.io] Deploy clustered applications [Feature:StatefulSet] [Slow] should creating a working mysql cluster" classname="Kubernetes e2e suite" time="0">
          <skipped></skipped>
      </testcase>
      <testcase name="[k8s.io] vSphere Storage policy support for dynamic provisioning [Volume] verify VSAN storage capability with non-vsan datastore is not honored for dynamically provisioned pvc using storageclass" classname="Kubernetes e2e suite" time="0">
          <skipped></skipped>
      </testcase>
      <testcase name="[k8s.io] [Feature:Federation] Federation API server authentication [NoCluster] should accept cluster resources when the client has HTTP Basic authentication credentials" classname="Kubernetes e2e suite" time="0">
          <skipped></skipped>
      </testcase>
      <testcase name="[k8s.io] Namespaces [Serial] should always delete fast (ALL of 100 namespaces in 150 seconds) [Feature:ComprehensiveNamespaceDraining]" classname="Kubernetes e2e suite" time="0">
          <skipped></skipped>
      </testcase>
      <testcase name="[k8s.io] Networking [k8s.io] Granular Checks: Services [Slow] should function for pod-Service: udp" classname="Kubernetes e2e suite" time="0">
          <skipped></skipped>
      </testcase>
      <testcase name="[k8s.io] Load capacity [Feature:ManualPerformance] should be able to handle 30 pods per node { Random} with 0 secrets, 0 configmaps and 0 daemons" classname="Kubernetes e2e suite" time="0">
          <skipped></skipped>
      </testcase>
      <testcase name="[k8s.io] Networking should check kube-proxy urls" classname="Kubernetes e2e suite" time="0">
          <skipped></skipped>
      </testcase>
      <testcase name="[k8s.io] Firewall rule should have correct firewall rules for e2e cluster" classname="Kubernetes e2e suite" time="0">
          <skipped></skipped>
      </testcase>
      <testcase name="[k8s.io] Etcd failure [Disruptive] should recover from SIGKILL" classname="Kubernetes e2e suite" time="0">
          <skipped></skipped>
      </testcase>
      <testcase name="[k8s.io] vSphere Storage policy support for dynamic provisioning [Volume] verify VSAN storage capability with invalid diskStripes value is not honored for dynamically provisioned pvc using storageclass" classname="Kubernetes e2e suite" time="0">
          <skipped></skipped>
      </testcase>
      <testcase name="[k8s.io] Cluster level logging using Elasticsearch [Feature:Elasticsearch] should check that logs from containers are ingested into Elasticsearch" classname="Kubernetes e2e suite" time="0">
          <skipped></skipped>
      </testcase>
      <testcase name="[k8s.io] Federation namespace [Feature:Federation] Namespace objects should be created and deleted successfully" classname="Kubernetes e2e suite" time="0">
          <skipped></skipped>
      </testcase>
      <testcase name="[k8s.io] Services should preserve source pod IP for traffic thru service cluster IP" classname="Kubernetes e2e suite" time="0">
          <skipped></skipped>
      </testcase>
      <testcase name="[k8s.io] StatefulSet [k8s.io] Basic StatefulSet functionality [StatefulSetBasic] should perform rolling updates and roll backs of template modifications" classname="Kubernetes e2e suite" time="0">
          <skipped></skipped>
      </testcase>
      <testcase name="[k8s.io] Projected should be consumable from pods in volume with mappings [Conformance] [Volume]" classname="Kubernetes e2e suite" time="11.137665508"></testcase>
      <testcase name="[k8s.io] Density [Feature:ManualPerformance] should allow running maximum capacity pods on nodes" classname="Kubernetes e2e suite" time="0">
          <skipped></skipped>
      </testcase>
      <testcase name="[k8s.io] Upgrade [Feature:Upgrade] [k8s.io] node upgrade should maintain a functioning cluster [Feature:NodeUpgrade]" classname="Kubernetes e2e suite" time="0">
          <skipped></skipped>
      </testcase>
      <testcase name="[k8s.io] Volumes [Volume] [k8s.io] Cinder [Feature:Volumes] should be mountable" classname="Kubernetes e2e suite" time="0">
          <skipped></skipped>
      </testcase>
      <testcase name="[k8s.io] Deployment paused deployment should be ignored by the controller" classname="Kubernetes e2e suite" time="0">
          <skipped></skipped>
      </testcase>
      <testcase name="[k8s.io] StatefulSet [k8s.io] Deploy clustered applications [Feature:StatefulSet] [Slow] should creating a working redis cluster" classname="Kubernetes e2e suite" time="0">
          <skipped></skipped>
      </testcase>
      <testcase name="[k8s.io] Federated ingresses [Feature:Federation] Federated Ingresses [Slow] should not be deleted from underlying clusters when OrphanDependents is true" classname="Kubernetes e2e suite" time="0">
          <skipped></skipped>
      </testcase>
      <testcase name="[k8s.io] Secrets should be able to mount in a volume regardless of a different secret existing with same name in different namespace [Volume]" classname="Kubernetes e2e suite" time="0">
          <skipped></skipped>
      </testcase>
      <testcase name="[k8s.io] Events should be sent by kubelets and the scheduler about pods scheduling and running [Conformance]" classname="Kubernetes e2e suite" time="58.615481121"></testcase>
      <testcase name="[k8s.io] Security Context [Feature:SecurityContext] should support seccomp alpha unconfined annotation on the container [Feature:Seccomp]" classname="Kubernetes e2e suite" time="0">
          <skipped></skipped>
      </testcase>
      <testcase name="[k8s.io] Port forwarding [k8s.io] With a server listening on 0.0.0.0 [k8s.io] that expects NO client request should support a client that connects, sends DATA, and disconnects" classname="Kubernetes e2e suite" time="0">
          <skipped></skipped>
      </testcase>
      <testcase name="[k8s.io] HostPath should support existing directory subPath [Volume]" classname="Kubernetes e2e suite" time="0">
          <skipped></skipped>
      </testcase>
      <testcase name="[k8s.io] Cluster size autoscaling [Slow] Shouldn&#39;t perform scale up operation and should list unhealthy status if most of the cluster is broken[Feature:ClusterSizeAutoscalingScaleUp]" classname="Kubernetes e2e suite" time="0">
          <skipped></skipped>
      </testcase>
      <testcase name="[k8s.io] Networking [k8s.io] Granular Checks: Pods should function for intra-pod communication: udp [Conformance]" classname="Kubernetes e2e suite" time="49.500160641"></testcase>
      <testcase name="[k8s.io] DNS should provide DNS for the cluster [Conformance]" classname="Kubernetes e2e suite" time="22.717098564"></testcase>
      <testcase name="[k8s.io] Proxy version v1 should proxy to cadvisor using proxy subresource" classname="Kubernetes e2e suite" time="0">
          <skipped></skipped>
      </testcase>
      <testcase name="[k8s.io] Dynamic Provisioning [k8s.io] DynamicProvisioner should not provision a volume in an unmanaged GCE zone. [Slow] [Volume]" classname="Kubernetes e2e suite" time="0">
          <skipped></skipped>
      </testcase>
      <testcase name="[k8s.io] Networking should provide unchanging, static URL paths for kubernetes api services" classname="Kubernetes e2e suite" time="0">
          <skipped></skipped>
      </testcase>
      <testcase name="[k8s.io] vsphere Volume fstype [Volume] verify disk format type - default value should be ext4" classname="Kubernetes e2e suite" time="0">
          <skipped></skipped>
      </testcase>
      <testcase name="[k8s.io] InitContainer should not start app containers if init containers fail on a RestartAlways pod" classname="Kubernetes e2e suite" time="0">
          <skipped></skipped>
      </testcase>
      <testcase name="[k8s.io] HostPath should support r/w [Volume]" classname="Kubernetes e2e suite" time="0">
          <skipped></skipped>
      </testcase>
      <testcase name="[k8s.io] PersistentVolumes [Feature:ReclaimPolicy] [k8s.io] persistentvolumereclaim:vsphere should retain persistent volume when reclaimPolicy set to retain when associated claim is deleted" classname="Kubernetes e2e suite" time="0">
          <skipped></skipped>
      </testcase>
      <testcase name="[k8s.io] Kubectl client [k8s.io] Kubectl taint [Serial] should remove all the taints with the same key off a node" classname="Kubernetes e2e suite" time="0">
          <skipped></skipped>
      </testcase>
      <testcase name="[k8s.io] Initializers should dynamically register and apply initializers to pods [Serial]" classname="Kubernetes e2e suite" time="0">
          <skipped></skipped>
      </testcase>
      <testcase name="[k8s.io] Projected should be consumable from pods in volume with mappings [Conformance] [Volume]" classname="Kubernetes e2e suite" time="12.766774439"></testcase>
      <testcase name="[k8s.io] Kubectl alpha client [k8s.io] Kubectl run ScheduledJob should create a ScheduledJob" classname="Kubernetes e2e suite" time="0">
          <skipped></skipped>
      </testcase>
      <testcase name="[k8s.io] SchedulerPredicates [Serial] validates that NodeAffinity is respected if not matching" classname="Kubernetes e2e suite" time="0">
          <skipped></skipped>
      </testcase>
      <testcase name="[k8s.io] Secrets should be consumable from pods in volume with mappings [Conformance] [Volume]" classname="Kubernetes e2e suite" time="13.115633892"></testcase>
      <testcase name="[k8s.io] Services should provide secure master service [Conformance]" classname="Kubernetes e2e suite" time="8.607821198"></testcase>
      <testcase name="[k8s.io] Networking [k8s.io] Granular Checks: Services [Slow] should update nodePort: udp [Slow]" classname="Kubernetes e2e suite" time="0">
          <skipped></skipped>
      </testcase>
  </testsuite>